Run pytest --cov=. --cov-report=xml --cov-report=term-missing -v
============================= test session starts ==============================
platform linux -- Python 3.14.5, pytest-9.0.3, pluggy-1.6.0 -- /opt/hostedtoolcache/Python/3.14.5/x64/bin/python
cachedir: .pytest_cache
hypothesis profile 'ci' -> database=None, deadline=None, print_blob=True, derandomize=True, suppress_health_check=(HealthCheck.too_slow,)
benchmark: 5.2.3 (defaults: timer=time.perf_counter disable_gc=False min_rounds=5 min_time=0.000005 max_time=1.0 calibration_precision=10 warmup=False warmup_iterations=100000)
rootdir: /home/runner/work/Singularity-Zero/Singularity-Zero
configfile: pyproject.toml
testpaths: tests, benchmarks
plugins: anyio-4.13.0, cov-7.1.0, locust-2.44.0, hypothesis-6.152.7, asyncio-1.3.0, benchmark-5.2.3
asyncio: mode=Mode.STRICT, debug=False, asyncio_default_fixture_loop_scope=None, asyncio_default_test_loop_scope=function
collecting ... collected 2555 items

tests/architecture/test_architecture_boundaries.py::ArchitectureBoundaryTests::test_api_key_workflow_registry_lists_expected_workflows PASSED [  0%]
tests/architecture/test_architecture_boundaries.py::ArchitectureBoundaryTests::test_dashboard_services_facade_exposes_query_and_launch_layers PASSED [  0%]
tests/architecture/test_architecture_boundaries.py::ArchitectureBoundaryTests::test_detection_registry_is_unified_with_analysis_plugin_specs PASSED [  0%]
tests/architecture/test_architecture_boundaries.py::ArchitectureBoundaryTests::test_every_analysis_plugin_spec_has_a_registered_binding PASSED [  0%]
tests/architecture/test_architecture_boundaries.py::ArchitectureBoundaryTests::test_pipeline_flow_manifest_is_visible_and_ordered PASSED [  0%]
tests/architecture/test_architecture_boundaries.py::ArchitectureBoundaryTests::test_react_ui_build_exists FAILED [  0%]
tests/architecture/test_architecture_boundaries.py::ArchitectureBoundaryTests::test_result_view_normalizes_scan_data_before_formatting PASSED [  0%]
tests/architecture/test_dependency_boundaries_enforced.py::test_forbidden_cross_layer_imports PASSED [  0%]
tests/architecture/test_distributed_contracts.py::TestTaskEnvelopeExclusivity::test_all_queue_producers_use_task_envelope PASSED [  0%]
tests/architecture/test_distributed_contracts.py::TestTaskEnvelopeExclusivity::test_task_envelope_has_required_fields PASSED [  0%]
tests/architecture/test_distributed_contracts.py::TestTaskEnvelopeExclusivity::test_task_envelope_serialization_roundtrip PASSED [  0%]
tests/architecture/test_distributed_contracts.py::TestTaskEnvelopeExclusivity::test_job_from_task_envelope_preserves_traceparent PASSED [  0%]
tests/architecture/test_distributed_contracts.py::TestTaskEnvelopeExclusivity::test_worker_rejects_invalid_task_envelope_type PASSED [  0%]
tests/architecture/test_distributed_contracts.py::TestTaskEnvelopeWorkerValidation::test_worker_handlers_always_receive_task_envelope PASSED [  0%]
tests/architecture/test_distributed_contracts.py::TestTaskEnvelopeWorkerValidation::test_task_envelope_traceparent_format PASSED [  0%]
tests/architecture/test_layer_dependency_rules.py::LayerDependencyRuleTests::test_no_upward_layer_imports PASSED [  0%]
tests/architecture/test_layer_entrypoints.py::LayerEntrypointTests::test_dashboard_entrypoint_imports_layered_ui PASSED [  0%]
tests/architecture/test_layer_entrypoints.py::LayerEntrypointTests::test_legacy_runner_still_exports_main PASSED [  0%]
tests/architecture/test_layer_entrypoints.py::LayerEntrypointTests::test_pipeline_entrypoint_imports_layered_runtime PASSED [  0%]
tests/architecture/test_layered_architecture_migration.py::LayeredArchitectureMigrationTests::test_layer_packages_import PASSED [  0%]
tests/architecture/test_layered_architecture_migration.py::LayeredArchitectureMigrationTests::test_storage_load_config_uses_core_loader PASSED [  0%]
tests/benchmarks/test_api_benchmarks.py::TestHealthEndpoint::test_health_latency PASSED [  0%]
tests/benchmarks/test_api_benchmarks.py::TestHealthEndpoint::test_health_concurrent PASSED [  0%]
tests/benchmarks/test_api_benchmarks.py::TestDashboardStatsEndpoint::test_dashboard_stats_latency PASSED [  0%]
tests/benchmarks/test_api_benchmarks.py::TestDashboardStatsEndpoint::test_dashboard_stats_concurrent PASSED [  0%]
tests/benchmarks/test_api_benchmarks.py::TestTargetsEndpoint::test_list_targets_latency PASSED [  1%]
tests/benchmarks/test_api_benchmarks.py::TestTargetsEndpoint::test_list_targets_concurrent PASSED [  1%]
tests/benchmarks/test_api_benchmarks.py::TestFindingsEndpoint::test_findings_latency PASSED [  1%]
tests/benchmarks/test_api_benchmarks.py::TestFindingsEndpoint::test_findings_concurrent PASSED [  1%]
tests/benchmarks/test_api_benchmarks.py::TestGapAnalysisEndpoint::test_gap_analysis_latency PASSED [  1%]
tests/benchmarks/test_api_benchmarks.py::TestGapAnalysisEndpoint::test_gap_analysis_with_target PASSED [  1%]
tests/benchmarks/test_api_benchmarks.py::TestRegistryEndpoint::test_registry_latency PASSED [  1%]
tests/benchmarks/test_api_benchmarks.py::TestRootEndpoint::test_root_latency PASSED [  1%]
tests/benchmarks/test_api_benchmarks.py::TestOpenAPIEndpoint::test_openapi_latency PASSED [  1%]
tests/benchmarks/test_api_benchmarks.py::TestMixedEndpointLoad::test_mixed_endpoints PASSED [  1%]
tests/benchmarks/test_api_benchmarks.py::TestMixedEndpointLoad::test_high_concurrency_mixed PASSED [  1%]
tests/benchmarks/test_cache_benchmarks.py::TestCacheReadLatency::test_l1_read_latency PASSED [  1%]
tests/benchmarks/test_cache_benchmarks.py::TestCacheReadLatency::test_l2_read_latency_sqlite PASSED [  1%]
tests/benchmarks/test_cache_benchmarks.py::TestCacheReadLatency::test_l1_miss_then_l2_hit PASSED [  1%]
tests/benchmarks/test_cache_benchmarks.py::TestCacheReadLatency::test_cache_miss_latency PASSED [  1%]
tests/benchmarks/test_cache_benchmarks.py::TestCacheReadLatency::test_exists_check_latency PASSED [  1%]
tests/benchmarks/test_cache_benchmarks.py::TestCacheWriteThroughput::test_write_single_latency PASSED [  1%]
tests/benchmarks/test_cache_benchmarks.py::TestCacheWriteThroughput::test_write_batch_100 PASSED [  1%]
tests/benchmarks/test_cache_benchmarks.py::TestCacheWriteThroughput::test_write_batch_1000 PASSED [  1%]
tests/benchmarks/test_cache_benchmarks.py::TestCacheWriteThroughput::test_write_with_tags PASSED [  1%]
tests/benchmarks/test_cache_benchmarks.py::TestCacheWriteThroughput::test_write_with_dependencies PASSED [  1%]
tests/benchmarks/test_cache_benchmarks.py::TestCacheWriteThroughput::test_write_payload_size_impact[100] PASSED [  1%]
tests/benchmarks/test_cache_benchmarks.py::TestCacheWriteThroughput::test_write_payload_size_impact[1000] PASSED [  1%]
tests/benchmarks/test_cache_benchmarks.py::TestCacheWriteThroughput::test_write_payload_size_impact[10000] PASSED [  1%]
tests/benchmarks/test_cache_benchmarks.py::TestCacheHitRatio::test_hot_key_pattern PASSED [  1%]
tests/benchmarks/test_cache_benchmarks.py::TestCacheHitRatio::test_sequential_access_pattern PASSED [  1%]
tests/benchmarks/test_cache_benchmarks.py::TestCacheInvalidation::test_single_key_delete PASSED [  2%]
tests/benchmarks/test_cache_benchmarks.py::TestCacheInvalidation::test_tag_invalidation_100 PASSED [  2%]
tests/benchmarks/test_cache_benchmarks.py::TestCacheInvalidation::test_tag_invalidation_500 PASSED [  2%]
tests/benchmarks/test_cache_benchmarks.py::TestCacheInvalidation::test_version_bump_invalidation PASSED [  2%]
tests/benchmarks/test_cache_benchmarks.py::TestCacheInvalidation::test_dependency_invalidation PASSED [  2%]
tests/benchmarks/test_cache_benchmarks.py::TestCacheWarmup::test_warmup_from_json_500 PASSED [  2%]
tests/benchmarks/test_cache_benchmarks.py::TestCacheWarmup::test_warmup_from_json_5000 PASSED [  2%]
tests/benchmarks/test_cache_benchmarks.py::TestCacheCleanup::test_cleanup_expired PASSED [  2%]
tests/benchmarks/test_cache_benchmarks.py::TestCacheCleanup::test_clear_namespace PASSED [  2%]
tests/benchmarks/test_cache_benchmarks.py::TestCacheCleanup::test_clear_all PASSED [  2%]
tests/benchmarks/test_cache_benchmarks.py::TestCacheStats::test_get_stats PASSED [  2%]
tests/benchmarks/test_cache_benchmarks.py::TestCacheStats::test_get_metrics_snapshot PASSED [  2%]
tests/benchmarks/test_execution_benchmarks.py::TestTaskSubmission::test_submit_single_task PASSED [  2%]
tests/benchmarks/test_execution_benchmarks.py::TestTaskSubmission::test_submit_100_tasks PASSED [  2%]
tests/benchmarks/test_execution_benchmarks.py::TestTaskSubmission::test_submit_1000_tasks PASSED [  2%]
tests/benchmarks/test_execution_benchmarks.py::TestTaskExecution::test_execute_single_io_task PASSED [  2%]
tests/benchmarks/test_execution_benchmarks.py::TestTaskExecution::test_execute_10_concurrent_tasks PASSED [  2%]
tests/benchmarks/test_execution_benchmarks.py::TestTaskExecution::test_execute_50_concurrent_tasks PASSED [  2%]
tests/benchmarks/test_execution_benchmarks.py::TestTaskExecution::test_execute_with_dependencies PASSED [  2%]
tests/benchmarks/test_execution_benchmarks.py::TestTaskExecution::test_execute_dag_layers PASSED [  2%]
tests/benchmarks/test_execution_benchmarks.py::TestResourcePools::test_pool_acquire_release PASSED [  2%]
tests/benchmarks/test_execution_benchmarks.py::TestResourcePools::test_pool_contention PASSED [  2%]
tests/benchmarks/test_execution_benchmarks.py::TestLoadBalancer::test_worker_selection PASSED [  2%]
tests/benchmarks/test_execution_benchmarks.py::TestLoadBalancer::test_completion_recording PASSED [  2%]
tests/benchmarks/test_execution_benchmarks.py::TestConcurrentExecutorScaling::test_scaling_with_task_count[10] PASSED [  2%]
tests/benchmarks/test_execution_benchmarks.py::TestConcurrentExecutorScaling::test_scaling_with_task_count[50] PASSED [  3%]
tests/benchmarks/test_execution_benchmarks.py::TestConcurrentExecutorScaling::test_scaling_with_task_count[100] PASSED [  3%]
tests/benchmarks/test_execution_benchmarks.py::TestConcurrentExecutorScaling::test_scaling_with_worker_count[1] PASSED [  3%]
tests/benchmarks/test_execution_benchmarks.py::TestConcurrentExecutorScaling::test_scaling_with_worker_count[5] PASSED [  3%]
tests/benchmarks/test_execution_benchmarks.py::TestConcurrentExecutorScaling::test_scaling_with_worker_count[10] PASSED [  3%]
tests/benchmarks/test_execution_benchmarks.py::TestConcurrentExecutorScaling::test_scaling_with_worker_count[20] PASSED [  3%]
tests/benchmarks/test_execution_benchmarks.py::TestExecutionCancellation::test_cancel_pending_tasks PASSED [  3%]
tests/benchmarks/test_execution_benchmarks.py::TestExecutionCancellation::test_cancel_on_first_error PASSED [  3%]
tests/benchmarks/test_queue_benchmarks.py::TestQueueEnqueue::test_enqueue_single_latency PASSED [  3%]
tests/benchmarks/test_queue_benchmarks.py::TestQueueEnqueue::test_enqueue_with_metadata PASSED [  3%]
tests/benchmarks/test_queue_benchmarks.py::TestQueueEnqueue::test_enqueue_batch_100 PASSED [  3%]
tests/benchmarks/test_queue_benchmarks.py::TestQueueEnqueue::test_enqueue_batch_1000 PASSED [  3%]
tests/benchmarks/test_queue_benchmarks.py::TestQueueEnqueue::test_enqueue_priority_impact[1] PASSED [  3%]
tests/benchmarks/test_queue_benchmarks.py::TestQueueEnqueue::test_enqueue_priority_impact[5] PASSED [  3%]
tests/benchmarks/test_queue_benchmarks.py::TestQueueEnqueue::test_enqueue_priority_impact[10] PASSED [  3%]
tests/benchmarks/test_queue_benchmarks.py::TestQueueClaim::test_claim_empty_queue PASSED [  3%]
tests/benchmarks/test_queue_benchmarks.py::TestQueueClaim::test_claim_single PASSED [  3%]
tests/benchmarks/test_queue_benchmarks.py::TestQueueClaim::test_claim_batch_50 PASSED [  3%]
tests/benchmarks/test_queue_benchmarks.py::TestQueueComplete::test_complete_single PASSED [  3%]
tests/benchmarks/test_queue_benchmarks.py::TestQueueComplete::test_complete_batch_50 PASSED [  3%]
tests/benchmarks/test_queue_benchmarks.py::TestQueueEndToEnd::test_lifecycle_10_jobs PASSED [  3%]
tests/benchmarks/test_queue_benchmarks.py::TestQueueEndToEnd::test_lifecycle_100_jobs PASSED [  3%]
tests/benchmarks/test_queue_benchmarks.py::TestQueueEndToEnd::test_queue_metrics_overhead PASSED [  3%]
tests/benchmarks/test_queue_benchmarks.py::TestQueueOperations::test_get_job_latency PASSED [  3%]
tests/benchmarks/test_queue_benchmarks.py::TestQueueOperations::test_queue_length PASSED [  3%]
tests/benchmarks/test_queue_benchmarks.py::TestQueueOperations::test_cancel_job PASSED [  3%]
tests/benchmarks/test_queue_benchmarks.py::TestQueueOperations::test_dead_letter_count PASSED [  4%]
tests/e2e/test_analysis_stages.py::test_analysis_stage_invokes_target[src.pipeline.services.pipeline_orchestrator.stages.analysis.run_passive_scanners-run_passive_scanners] PASSED [  4%]
tests/e2e/test_analysis_stages.py::test_analysis_stage_invokes_target[src.pipeline.services.pipeline_orchestrator.stages.analysis.execute_validation_runtime-execute_validation_runtime] FAILED [  4%]
tests/e2e/test_analysis_stages.py::test_analysis_stage_invokes_target[src.pipeline.services.pipeline_orchestrator.stages.analysis.merge_findings-merge_findings] PASSED [  4%]
tests/e2e/test_analysis_stages.py::test_analysis_stage_invokes_target[src.pipeline.services.pipeline_orchestrator.stages.analysis.filter_reportable_findings-filter_reportable_findings] FAILED [  4%]
tests/e2e/test_api_security.py::test_token_endpoint_exchanges_api_key_for_jwt PASSED [  4%]
tests/e2e/test_api_security.py::test_security_api_key_management_requires_admin PASSED [  4%]
tests/e2e/test_api_security.py::test_read_only_key_cannot_start_job PASSED [  4%]
tests/e2e/test_api_security.py::test_unknown_json_fields_include_path_in_422 PASSED [  4%]
tests/e2e/test_api_security.py::test_csp_report_is_logged PASSED         [  4%]
tests/e2e/test_dashboard_api.py::TestDashboardAPIE2E::test_health_endpoint PASSED [  4%]
tests/e2e/test_dashboard_api.py::TestDashboardAPIE2E::test_root_endpoint PASSED [  4%]
tests/e2e/test_dashboard_api.py::TestDashboardAPIE2E::test_dashboard_stats_endpoint PASSED [  4%]
tests/e2e/test_dashboard_api.py::TestDashboardAPIE2E::test_targets_list_endpoint PASSED [  4%]
tests/e2e/test_dashboard_api.py::TestDashboardAPIE2E::test_registry_endpoint PASSED [  4%]
tests/e2e/test_dashboard_api.py::TestDashboardAPIE2E::test_findings_summary_endpoint PASSED [  4%]
tests/e2e/test_dashboard_api.py::TestDashboardAPIE2E::test_gap_analysis_endpoint PASSED [  4%]
tests/e2e/test_dashboard_api.py::TestDashboardAPIE2E::test_gap_analysis_with_target_param PASSED [  4%]
tests/e2e/test_dashboard_api.py::TestDashboardAPIE2E::test_openapi_schema_available PASSED [  4%]
tests/e2e/test_dashboard_api.py::TestDashboardAPIE2E::test_docs_endpoint_available PASSED [  4%]
tests/e2e/test_dashboard_api.py::TestDashboardAPIE2E::test_redoc_endpoint_available PASSED [  4%]
tests/e2e/test_dashboard_api.py::TestDashboardAPIE2E::test_security_headers_present PASSED [  4%]
tests/e2e/test_dashboard_api.py::TestDashboardAPIE2E::test_cors_headers_present PASSED [  4%]
tests/e2e/test_dashboard_api.py::TestDashboardAPIE2E::test_unknown_endpoint_returns_404 PASSED [  4%]
tests/e2e/test_dashboard_api.py::TestDashboardAPIE2E::test_validation_error_returns_422 PASSED [  4%]
tests/e2e/test_dashboard_api.py::TestDashboardAPIE2E::test_dashboard_pipeline_health_score_calculation PASSED [  5%]
tests/e2e/test_dashboard_api.py::TestDashboardAPIE2E::test_dashboard_stage_counts_structure PASSED [  5%]
tests/e2e/test_dashboard_api.py::TestDashboardAPIE2E::test_dashboard_severity_counts_structure PASSED [  5%]
tests/e2e/test_dashboard_api.py::TestDashboardAPIE2E::test_targets_response_structure PASSED [  5%]
tests/e2e/test_dashboard_api.py::TestDashboardAPIE2E::test_findings_response_structure PASSED [  5%]
tests/e2e/test_dashboard_api.py::TestDashboardAPIE2E::test_gap_analysis_response_structure PASSED [  5%]
tests/e2e/test_dashboard_api.py::TestDashboardAPIE2E::test_registry_response_structure PASSED [  5%]
tests/e2e/test_exploitation_workflow.py::TestExploitationWorkflowE2E::test_replay_headers_inherit_mode PASSED [  5%]
tests/e2e/test_exploitation_workflow.py::TestExploitationWorkflowE2E::test_replay_headers_anonymous_mode PASSED [  5%]
tests/e2e/test_exploitation_workflow.py::TestExploitationWorkflowE2E::test_replay_headers_bearer_mode PASSED [  5%]
tests/e2e/test_exploitation_workflow.py::TestExploitationWorkflowE2E::test_replay_headers_cookie_mode PASSED [  5%]
tests/e2e/test_exploitation_workflow.py::TestExploitationWorkflowE2E::test_replay_headers_custom_mode PASSED [  5%]
tests/e2e/test_exploitation_workflow.py::TestExploitationWorkflowE2E::test_replay_headers_bearer_missing_token_raises PASSED [  5%]
tests/e2e/test_exploitation_workflow.py::TestExploitationWorkflowE2E::test_replay_headers_cookie_missing_value_raises PASSED [  5%]
tests/e2e/test_exploitation_workflow.py::TestExploitationWorkflowE2E::test_replay_headers_custom_missing_both_raises PASSED [  5%]
tests/e2e/test_exploitation_workflow.py::TestExploitationWorkflowE2E::test_replay_headers_unsupported_mode_raises PASSED [  5%]
tests/e2e/test_exploitation_workflow.py::TestExploitationWorkflowE2E::test_build_proof_bundle_structure PASSED [  5%]
tests/e2e/test_exploitation_workflow.py::TestExploitationWorkflowE2E::test_build_proof_bundle_with_request_context PASSED [  5%]
tests/e2e/test_exploitation_workflow.py::TestExploitationWorkflowE2E::test_build_curl_poc_get PASSED [  5%]
tests/e2e/test_exploitation_workflow.py::TestExploitationWorkflowE2E::test_build_curl_poc_post_with_headers PASSED [  5%]
tests/e2e/test_exploitation_workflow.py::TestExploitationWorkflowE2E::test_build_python_poc_structure PASSED [  5%]
tests/e2e/test_exploitation_workflow.py::TestExploitationWorkflowE2E::test_build_chain_simulation_basic PASSED [  5%]
tests/e2e/test_exploitation_workflow.py::TestExploitationWorkflowE2E::test_build_chain_simulation_with_auth_signals PASSED [  5%]
tests/e2e/test_exploitation_workflow.py::TestExploitationWorkflowE2E::test_build_chain_simulation_with_ssrf_signals PASSED [  5%]
tests/e2e/test_exploitation_workflow.py::TestExploitationWorkflowE2E::test_build_chain_simulation_with_flow_transition PASSED [  5%]
tests/e2e/test_exploitation_workflow.py::TestExploitationWorkflowE2E::test_build_chain_simulation_with_trust_boundary PASSED [  5%]
tests/e2e/test_exploitation_workflow.py::TestExploitationWorkflowE2E::test_build_chain_simulation_with_token_signals PASSED [  6%]
tests/e2e/test_exploitation_workflow.py::TestExploitationWorkflowE2E::test_build_chain_simulation_with_parameter_and_variant PASSED [  6%]
tests/e2e/test_exploitation_workflow.py::TestExploitationWorkflowE2E::test_enrich_behavior_finding_adds_proof_and_simulation PASSED [  6%]
tests/e2e/test_exploitation_workflow.py::TestExploitationWorkflowE2E::test_exploit_engine_registration PASSED [  6%]
tests/e2e/test_exploitation_workflow.py::TestExploitationWorkflowE2E::test_exploit_target_creation PASSED [  6%]
tests/e2e/test_exploitation_workflow.py::TestExploitationWorkflowE2E::test_exploit_result_creation PASSED [  6%]
tests/e2e/test_exploitation_workflow.py::TestExploitationWorkflowE2E::test_safe_exploiter_execution PASSED [  6%]
tests/e2e/test_exploitation_workflow.py::TestExploitationWorkflowE2E::test_rollback_manager_record_and_rollback PASSED [  6%]
tests/e2e/test_exploitation_workflow.py::TestExploitationWorkflowE2E::test_exploitation_validator_importable PASSED [  6%]
tests/e2e/test_exploitation_workflow.py::TestExploitationWorkflowE2E::test_payload_template_creation PASSED [  6%]
tests/e2e/test_full_pipeline.py::TestFullPipelineE2E::test_dry_run_returns_zero_exit_code PASSED [  6%]
tests/e2e/test_full_pipeline.py::TestFullPipelineE2E::test_pipeline_instantiation PASSED [  6%]
tests/e2e/test_full_pipeline.py::TestFullPipelineE2E::test_pipeline_stages_exist PASSED [  6%]
tests/e2e/test_full_pipeline.py::TestFullPipelineE2E::test_full_pipeline_with_mocks PASSED [  6%]
tests/e2e/test_full_pipeline.py::TestFullPipelineE2E::test_pipeline_config_loads_correctly PASSED [  6%]
tests/e2e/test_full_pipeline.py::TestFullPipelineE2E::test_scope_file_has_correct_content PASSED [  6%]
tests/e2e/test_full_pipeline.py::TestFullPipelineE2E::test_config_file_is_valid_json PASSED [  6%]
tests/e2e/test_full_pipeline.py::TestFullPipelineE2E::test_output_directory_structure_created PASSED [  6%]
tests/e2e/test_full_pipeline.py::TestFullPipelineE2E::test_pipeline_context_restoration PASSED [  6%]
tests/e2e/test_full_pipeline.py::TestFullPipelineE2E::test_pipeline_module_metrics_structure PASSED [  6%]
tests/e2e/test_full_pipeline.py::TestFullPipelineE2E::test_pipeline_finding_lifecycle PASSED [  6%]
tests/e2e/test_full_pipeline.py::TestFullPipelineE2E::test_pipeline_schema_validators_importable PASSED [  6%]
tests/e2e/test_full_pipeline.py::TestFullPipelineE2E::test_pipeline_reporting_stage_functions PASSED [  6%]
tests/e2e/test_full_pipeline.py::TestFullPipelineE2E::test_pipeline_intelligence_correlation PASSED [  6%]
tests/e2e/test_full_pipeline.py::TestFullPipelineE2E::test_pipeline_cvss_scoring PASSED [  6%]
tests/e2e/test_full_pipeline.py::TestFullPipelineE2E::test_pipeline_service_enrichment PASSED [  7%]
tests/e2e/test_recon_stages.py::test_recon_stage_invokes_target[src.pipeline.services.services.recon_service.enumerate_subdomains-enumerate_subdomains] PASSED [  7%]
tests/e2e/test_recon_stages.py::test_recon_stage_invokes_target[src.pipeline.services.services.recon_service.probe_live_hosts-probe_live_hosts] PASSED [  7%]
tests/e2e/test_recon_stages.py::test_recon_stage_invokes_target[src.pipeline.services.services.recon_service.collect_urls-collect_urls] PASSED [  7%]
tests/e2e/test_recon_stages.py::test_recon_stage_invokes_target[src.pipeline.services.services.recon_service.extract_parameters-extract_parameters] PASSED [  7%]
tests/e2e/test_recon_stages.py::test_recon_stage_invokes_target[src.pipeline.services.services.recon_service.rank_urls-rank_urls] PASSED [  7%]
tests/e2e/test_recon_stages.py::test_recon_stage_ordering PASSED         [  7%]
tests/e2e/test_reporting_stages.py::test_reporting_and_misc_stage_invokes_target[src.pipeline.services.pipeline_orchestrator.stages.reporting.generate_run_report-generate_run_report] PASSED [  7%]
tests/e2e/test_reporting_stages.py::test_reporting_and_misc_stage_invokes_target[src.pipeline.services.pipeline_orchestrator.stages.reporting.build_dashboard_index-build_dashboard_index] PASSED [  7%]
tests/e2e/test_reporting_stages.py::test_reporting_and_misc_stage_invokes_target[src.pipeline.services.pipeline_orchestrator.stages.reporting.build_summary-build_summary] PASSED [  7%]
tests/e2e/test_reporting_stages.py::test_reporting_and_misc_stage_invokes_target[src.pipeline.services.pipeline_orchestrator.stages.reporting.build_artifact_diff-build_artifact_diff] PASSED [  7%]
tests/e2e/test_reporting_stages.py::test_reporting_and_misc_stage_invokes_target[src.pipeline.services.pipeline_orchestrator.stages.reporting.capture_screenshots-capture_screenshots] PASSED [  7%]
tests/infrastructure/test_local_mesh.py::TestResourceProfile::test_detect_returns_profile PASSED [  7%]
tests/infrastructure/test_local_mesh.py::TestResourceProfile::test_default_factory PASSED [  7%]
tests/infrastructure/test_local_mesh.py::TestTaskResourceRequirement::test_for_heavy_task PASSED [  7%]
tests/infrastructure/test_local_mesh.py::TestTaskResourceRequirement::test_for_light_task PASSED [  7%]
tests/infrastructure/test_local_mesh.py::TestTaskResourceRequirement::test_for_unknown_task PASSED [  7%]
tests/infrastructure/test_local_mesh.py::TestResourceAwareScheduler::test_select_worker_heavy_task PASSED [  7%]
tests/infrastructure/test_local_mesh.py::TestResourceAwareScheduler::test_select_worker_light_task_preferred PASSED [  7%]
tests/infrastructure/test_local_mesh.py::TestResourceAwareScheduler::test_no_suitable_worker PASSED [  7%]
tests/infrastructure/test_local_mesh.py::TestResourceAwareScheduler::test_worker_busy_not_selected FAILED [  7%]
tests/infrastructure/test_local_mesh.py::TestDistributedCheckpoint::test_save_and_load_checkpoint PASSED [  7%]
tests/integration/test_api_test_integration.py::ApiTestIntegrationTests::test_build_api_test_result_uses_packaged_result_builder PASSED [  7%]
tests/integration/test_api_test_integration.py::ApiTestIntegrationTests::test_integration_loads_packaged_api_tests_module PASSED [  7%]
tests/integration/test_api_test_integration.py::ApiTestIntegrationTests::test_packaged_api_tests_exports_entrypoints PASSED [  7%]
tests/integration/test_exploit_automation.py::ExploitAutomationTests::test_behavior_analysis_adds_poc_bundle_and_chain_simulation PASSED [  7%]
tests/integration/test_exploit_automation.py::ExploitAutomationTests::test_manual_verification_queue_includes_poc_and_chain_context PASSED [  8%]
tests/integration/test_exploit_automation.py::DashboardReplayAuthSwitchingTests::test_replay_endpoint_applies_anonymous_auth_switching PASSED [  8%]
tests/integration/test_exploit_automation.py::DashboardReplayAuthSwitchingTests::test_replay_endpoint_rejects_bearer_mode_without_token PASSED [  8%]
tests/integration/test_imports_api.py::test_import_semgrep_writes_file PASSED [  8%]
tests/integration/test_mesh_resilience.py::test_retry_exhaustion_marks_peer_suspect PASSED [  8%]
tests/integration/test_mesh_resilience.py::test_three_node_cluster_detects_failure_elects_leader_and_rejoins PASSED [  8%]
tests/integration/test_pipeline_smoke.py::TestOrchestratorInstantiation::test_orchestrator_can_be_imported PASSED [  8%]
tests/integration/test_pipeline_smoke.py::TestOrchestratorInstantiation::test_orchestrator_instantiation PASSED [  8%]
tests/integration/test_pipeline_smoke.py::TestOrchestratorInstantiation::test_orchestrator_has_run_method PASSED [  8%]
tests/integration/test_pipeline_smoke.py::TestOrchestratorInstantiation::test_orchestrator_has_run_sync_method PASSED [  8%]
tests/integration/test_pipeline_smoke.py::TestPipelineStagesDefined::test_stage_is_documented[subdomains] PASSED [  8%]
tests/integration/test_pipeline_smoke.py::TestPipelineStagesDefined::test_stage_is_documented[live_hosts] PASSED [  8%]
tests/integration/test_pipeline_smoke.py::TestPipelineStagesDefined::test_stage_is_documented[urls] PASSED [  8%]
tests/integration/test_pipeline_smoke.py::TestPipelineStagesDefined::test_stage_is_documented[parameters] PASSED [  8%]
tests/integration/test_pipeline_smoke.py::TestPipelineStagesDefined::test_stage_is_documented[ranking] PASSED [  8%]
tests/integration/test_pipeline_smoke.py::TestPipelineStagesDefined::test_stage_is_documented[passive_scan] PASSED [  8%]
tests/integration/test_pipeline_smoke.py::TestPipelineStagesDefined::test_stage_is_documented[active_scan] PASSED [  8%]
tests/integration/test_pipeline_smoke.py::TestPipelineStagesDefined::test_stage_is_documented[validation] PASSED [  8%]
tests/integration/test_pipeline_smoke.py::TestPipelineStagesDefined::test_stage_is_documented[intelligence] PASSED [  8%]
tests/integration/test_pipeline_smoke.py::TestPipelineStagesDefined::test_stage_is_documented[access_control] PASSED [  8%]
tests/integration/test_pipeline_smoke.py::TestPipelineStagesDefined::test_stage_is_documented[reporting] PASSED [  8%]
tests/integration/test_pipeline_smoke.py::TestPipelineStagesDefined::test_all_stages_count PASSED [  8%]
tests/integration/test_pipeline_smoke.py::TestPipelineStagesDefined::test_stages_are_unique PASSED [  8%]
tests/integration/test_pipeline_smoke.py::TestPipelineStagesDefined::test_recon_stage_functions_are_callable PASSED [  8%]
tests/integration/test_pipeline_smoke.py::TestPipelineStagesDefined::test_passive_analysis_is_callable PASSED [  8%]
tests/integration/test_pipeline_smoke.py::TestPipelineStagesDefined::test_validation_is_callable PASSED [  9%]
tests/integration/test_pipeline_smoke.py::TestPipelineStagesDefined::test_nuclei_functions_are_callable PASSED [  9%]
tests/integration/test_pipeline_smoke.py::TestPipelineStagesDefined::test_api_security_analyzer_is_callable PASSED [  9%]
tests/integration/test_pipeline_smoke.py::TestPipelineStagesDefined::test_dns_security_analyzer_is_callable PASSED [  9%]
tests/integration/test_pipeline_smoke.py::TestPipelineStagesDefined::test_reporting_functions_are_callable PASSED [  9%]
tests/integration/test_pipeline_smoke.py::TestPipelineRunWithMockConfig::test_orchestrator_run_returns_exit_code PASSED [  9%]
tests/integration/test_pipeline_smoke.py::TestPipelineRunWithMockConfig::test_dry_run_returns_zero PASSED [  9%]
tests/integration/test_pipeline_smoke.py::TestPipelineRunWithMockConfig::test_runtime_main_importable PASSED [  9%]
tests/integration/test_pipeline_smoke.py::TestPipelineRunWithMockConfig::test_runtime_execute_pipeline_importable PASSED [  9%]
tests/integration/test_pipeline_smoke.py::TestPipelineRunWithMockConfig::test_runtime_preflight_checks_importable PASSED [  9%]
tests/integration/test_reporting_vrt_integration.py::ReportingVrtIntegrationTests::test_build_summary_surfaces_vrt_counts_in_run_counts PASSED [  9%]
tests/integration/test_reporting_vrt_integration.py::ReportingVrtIntegrationTests::test_generate_run_report_renders_vrt_and_new_analyzer_sections PASSED [  9%]
tests/integration/test_semgrep_stage_integration.py::test_semgrep_stage_parses_and_merges FAILED [  9%]
tests/integration/test_vrt_matrix_expanded.py::VrtCoverageMatrixTests::test_direct_coverage_includes_expected_high_risk_web_categories 
tests/integration/test_vrt_matrix_expanded.py::VrtCoverageMatrixTests::test_direct_coverage_includes_expected_high_risk_web_categories PASSED [  9%]
tests/integration/test_vrt_matrix_expanded.py::VrtCoverageMatrixTests::test_disabling_all_auth_bypass_checks_marks_entry_disabled PASSED [  9%]
tests/integration/test_vrt_matrix_expanded.py::VrtCoverageMatrixTests::test_disabling_plaintext_private_key_check_marks_entry_disabled PASSED [  9%]
tests/integration/test_vrt_matrix_expanded.py::VrtCoverageMatrixTests::test_disabling_server_side_injection_surface_marks_sqli_disabled PASSED [  9%]
tests/integration/test_vrt_matrix_expanded.py::VrtCoverageMatrixTests::test_every_catalog_entry_has_notes_and_declared_checks 
tests/integration/test_vrt_matrix_expanded.py::VrtCoverageMatrixTests::test_every_catalog_entry_has_notes_and_declared_checks PASSED [  9%]
tests/integration/test_vrt_matrix_expanded.py::VrtCoverageMatrixTests::test_signal_only_coverage_includes_surface_only_categories 
tests/integration/test_vrt_matrix_expanded.py::VrtCoverageMatrixTests::test_signal_only_coverage_includes_surface_only_categories PASSED [  9%]
tests/integration/test_vrt_matrix_expanded.py::VrtCoverageMatrixTests::test_summary_counts_match_expected_catalog_breakdown PASSED [  9%]
tests/integration/test_vrt_matrix_expanded.py::VrtCoverageMatrixTests::test_unsupported_entries_remain_out_of_scope_families 
tests/integration/test_vrt_matrix_expanded.py::VrtCoverageMatrixTests::test_unsupported_entries_remain_out_of_scope_families PASSED [  9%]
tests/performance/test_bloom_optimized.py::test_process_urls_vectorized_smoke_throughput PASSED [  9%]
tests/performance/test_bloom_optimized.py::test_false_positive_rate_small_offline_guardrail PASSED [  9%]
tests/performance/test_bloom_optimized.py::test_bloom_snapshot_sync_latency_without_redis PASSED [  9%]
tests/performance/test_bloom_optimized.py::test_ghost_vfs_rss_smoke PASSED [  9%]
tests/performance/test_bloom_optimized.py::test_full_scale_single_node_throughput[100000] SKIPPED [  9%]
tests/performance/test_bloom_optimized.py::test_full_scale_single_node_throughput[1000000] SKIPPED [ 10%]
tests/performance/test_bloom_optimized.py::test_full_scale_single_node_throughput[10000000] SKIPPED [ 10%]
tests/performance/test_bloom_optimized.py::test_full_scale_false_positive_rate SKIPPED [ 10%]
tests/regression/test_known_vulnerability_patterns.py::TestCorsMisconfigurationDetection::test_wildcard_origin_with_credentials PASSED [ 10%]
tests/regression/test_known_vulnerability_patterns.py::TestCorsMisconfigurationDetection::test_reflects_origin_header PASSED [ 10%]
tests/regression/test_known_vulnerability_patterns.py::TestCorsMisconfigurationDetection::test_safe_cors_config PASSED [ 10%]
tests/regression/test_known_vulnerability_patterns.py::TestJwtNoneAlgorithmDetection::test_jwt_none_algorithm_in_body PASSED [ 10%]
tests/regression/test_known_vulnerability_patterns.py::TestJwtNoneAlgorithmDetection::test_algorithm_field_in_response PASSED [ 10%]
tests/regression/test_known_vulnerability_patterns.py::TestJwtNoneAlgorithmDetection::test_jwt_with_valid_algorithm PASSED [ 10%]
tests/regression/test_known_vulnerability_patterns.py::TestSsrfCandidateDetection::test_metadata_url_in_response PASSED [ 10%]
tests/regression/test_known_vulnerability_patterns.py::TestSsrfCandidateDetection::test_ssrf_in_url_parameter PASSED [ 10%]
tests/regression/test_known_vulnerability_patterns.py::TestSsrfCandidateDetection::test_internal_ip_in_response PASSED [ 10%]
tests/regression/test_known_vulnerability_patterns.py::TestIdorCandidateDetection::test_numeric_id_in_url PASSED [ 10%]
tests/regression/test_known_vulnerability_patterns.py::TestIdorCandidateDetection::test_id_parameters_in_body PASSED [ 10%]
tests/regression/test_known_vulnerability_patterns.py::TestIdorCandidateDetection::test_sequential_id_pattern PASSED [ 10%]
tests/regression/test_known_vulnerability_patterns.py::TestCsrfProtectionMissingDetection::test_form_without_csrf_token PASSED [ 10%]
tests/regression/test_known_vulnerability_patterns.py::TestCsrfProtectionMissingDetection::test_post_form_detected PASSED [ 10%]
tests/regression/test_known_vulnerability_patterns.py::TestCsrfProtectionMissingDetection::test_form_with_csrf_token PASSED [ 10%]
tests/regression/test_known_vulnerability_patterns.py::TestSstiSurfaceDetection::test_template_syntax_in_response PASSED [ 10%]
tests/regression/test_known_vulnerability_patterns.py::TestSstiSurfaceDetection::test_evaluated_expression_in_response PASSED [ 10%]
tests/regression/test_known_vulnerability_patterns.py::TestSstiSurfaceDetection::test_template_in_url_parameter PASSED [ 10%]
tests/regression/test_known_vulnerability_patterns.py::TestTokenLeakDetection::test_token_in_url_query_string PASSED [ 10%]
tests/regression/test_known_vulnerability_patterns.py::TestTokenLeakDetection::test_token_in_redirect_location PASSED [ 10%]
tests/regression/test_known_vulnerability_patterns.py::TestTokenLeakDetection::test_token_in_response_body PASSED [ 10%]
tests/regression/test_known_vulnerability_patterns.py::TestTokenLeakDetection::test_github_token_pattern PASSED [ 10%]
tests/test_chameleon.py::test_chameleon_mutate_headers PASSED            [ 10%]
tests/test_chameleon.py::test_wrap_polymorphic_request PASSED            [ 11%]
tests/test_ghost_vfs.py::test_ghost_vfs_lifecycle PASSED                 [ 11%]
tests/test_marshaller.py::test_marshaller_roundtrip PASSED               [ 11%]
tests/test_marshaller.py::test_mesh_helpers_roundtrip PASSED             [ 11%]
tests/test_proc_pool.py::test_proc_pool_warm_and_cleanup PASSED          [ 11%]
tests/test_ring_bus.py::test_ring_bus_subscribe_emit PASSED              [ 11%]
tests/test_wal.py::test_wal_log_and_recover PASSED                       [ 11%]
tests/test_wasm.py::test_wasm_mock_execution PASSED                      [ 11%]
tests/unit/analysis/test_accelerated_matcher.py::test_regex_pattern_matcher_finds_named_matches PASSED [ 11%]
tests/unit/analysis/test_accelerated_matcher.py::test_pattern_matcher_falls_back_without_acceleration PASSED [ 11%]
tests/unit/analysis/test_access_control_analyzer_contract.py::test_check_endpoints_supports_sync_response_client PASSED [ 11%]
tests/unit/analysis/test_access_control_analyzer_contract.py::test_analyze_endpoints_async_path_supports_sync_request_client PASSED [ 11%]
tests/unit/analysis/test_access_control_analyzer_contract.py::test_check_endpoints_rejects_running_event_loop PASSED [ 11%]
tests/unit/analysis/test_access_control_analyzer_contract.py::test_analyze_access_control_async_works_inside_running_loop PASSED [ 11%]
tests/unit/analysis/test_access_control_analyzer_contract.py::test_sync_analyze_access_control_wrapper_rejects_running_event_loop PASSED [ 11%]
tests/unit/analysis/test_additional_security_detectors.py::AdditionalSecurityDetectorTests::test_default_credential_hints_flags_known_admin_service PASSED [ 11%]
tests/unit/analysis/test_additional_security_detectors.py::AdditionalSecurityDetectorTests::test_port_scan_integration_omits_empty_url_for_tcp_services PASSED [ 11%]
tests/unit/analysis/test_additional_security_detectors.py::AdditionalSecurityDetectorTests::test_public_repo_and_environment_exposure_checkers_flag_sensitive_artifacts PASSED [ 11%]
tests/unit/analysis/test_additional_security_detectors.py::AdditionalSecurityDetectorTests::test_rate_limit_header_analyzer_flags_missing_headers_on_api_endpoint PASSED [ 11%]
tests/unit/analysis/test_additional_security_detectors.py::AdditionalSecurityDetectorTests::test_sensitive_data_scanner_detects_private_key_and_ai_api_key PASSED [ 11%]
tests/unit/analysis/test_additional_security_detectors.py::AdditionalSecurityDetectorTests::test_ssrf_candidate_finder_flags_internal_host_and_oauth_adjacent_sink PASSED [ 11%]
tests/unit/analysis/test_additional_security_detectors.py::AdditionalSecurityDetectorTests::test_stored_xss_signal_detector_flags_dangerous_markup PASSED [ 11%]
tests/unit/analysis/test_additional_security_detectors.py::AdditionalSecurityDetectorTests::test_subdomain_takeover_indicator_checker_flags_dangling_service_text PASSED [ 11%]
tests/unit/analysis/test_additional_security_detectors.py::AdditionalSecurityDetectorTests::test_tls_and_dev_staging_detectors_flag_environment_and_certificate_issues PASSED [ 11%]
tests/unit/analysis/test_additional_security_detectors.py::AdditionalSecurityDetectorTests::test_token_leak_detector_flags_query_parameter_and_response_body PASSED [ 11%]
tests/unit/analysis/test_additional_security_detectors.py::AdditionalSecurityDetectorTests::test_token_leak_detector_flags_referer_risk_for_external_reference PASSED [ 12%]
tests/unit/analysis/test_analysis_helpers_decode.py::AnalysisHelpersDecodeTests::test_decode_candidate_value_decodes_nested_encoding PASSED [ 12%]
tests/unit/analysis/test_analysis_helpers_decode.py::AnalysisHelpersDecodeTests::test_decode_candidate_value_handles_malformed_sequences PASSED [ 12%]
tests/unit/analysis/test_api_security_analysis.py::PassiveApiExposureTests::test_graphql_introspection_exposure_checker_flags_schema_responses PASSED [ 12%]
tests/unit/analysis/test_api_security_analysis.py::PassiveApiExposureTests::test_http_method_exposure_checker_flags_risky_methods PASSED [ 12%]
tests/unit/analysis/test_api_security_analysis.py::PassiveApiExposureTests::test_openapi_swagger_spec_checker_flags_path_and_schema_exposure PASSED [ 12%]
tests/unit/analysis/test_api_security_analysis.py::BrokenAccessControlAnalysisTests::test_auth_boundary_redirect_detection_flags_cross_host_redirects PASSED [ 12%]
tests/unit/analysis/test_api_security_analysis.py::BrokenAccessControlAnalysisTests::test_multi_endpoint_auth_consistency_check_flags_mixed_enforcement PASSED [ 12%]
tests/unit/analysis/test_api_security_analysis.py::BrokenAccessControlAnalysisTests::test_privilege_escalation_detector_flags_access_gained_after_role_mutation PASSED [ 12%]
tests/unit/analysis/test_api_security_analysis.py::BrokenAccessControlAnalysisTests::test_role_based_endpoint_comparison_detects_role_context_changes PASSED [ 12%]
tests/unit/analysis/test_api_security_analysis.py::BrokenAccessControlAnalysisTests::test_unauth_access_check_flags_authenticated_json_visible_without_auth PASSED [ 12%]
tests/unit/analysis/test_api_security_analysis.py::BrokenAccessControlAnalysisTests::test_unauth_access_check_skips_tokenized_urls PASSED [ 12%]
tests/unit/analysis/test_api_security_analysis.py::BrokenAccessControlAnalysisTests::test_validate_idor_candidates_promotes_comparison_backed_results PASSED [ 12%]
tests/unit/analysis/test_api_security_analysis.py::DashboardJsonApiNormalizationTests::test_json_boolean_false_values_disable_analysis_flags PASSED [ 12%]
tests/unit/analysis/test_app_ssrf_detector.py::test_scan_responses_handles_version_patterns_without_capture_group PASSED [ 12%]
tests/unit/analysis/test_attack_validation_selector.py::AttackValidationSelectorTests::test_config_can_disable_action PASSED [ 12%]
tests/unit/analysis/test_attack_validation_selector.py::AttackValidationSelectorTests::test_emits_compound_plan_for_chained_prerequisites PASSED [ 12%]
tests/unit/analysis/test_attack_validation_selector.py::AttackValidationSelectorTests::test_legacy_fallback_remains_when_chain_facts_absent PASSED [ 12%]
tests/unit/analysis/test_attack_validation_selector.py::AttackValidationSelectorTests::test_ranks_actions_using_param_and_signal_hints PASSED [ 12%]
tests/unit/analysis/test_attack_validation_selector.py::AttackValidationSelectorTests::test_scope_rules_filter_active_actions PASSED [ 12%]
tests/unit/analysis/test_authorization_analyzer_compat.py::test_legacy_authorization_analyzer_reexports_canonical_classes PASSED [ 12%]
tests/unit/analysis/test_authorization_analyzer_compat.py::test_legacy_access_control_analyzer_exposes_sync_and_async_entrypoints PASSED [ 12%]
tests/unit/analysis/test_controlled_attack_probes.py::ControlledAttackProbeTests::test_auth_header_tampering_variations_detect_possible_auth_bypass PASSED [ 12%]
tests/unit/analysis/test_controlled_attack_probes.py::ControlledAttackProbeTests::test_json_mutation_attacks_detect_json_shaped_query_mutations PASSED [ 12%]
tests/unit/analysis/test_controlled_attack_probes.py::ControlledAttackProbeTests::test_multi_step_flow_breaking_probe_flags_direct_access_to_later_step PASSED [ 12%]
tests/unit/analysis/test_controlled_attack_probes.py::ControlledAttackProbeTests::test_new_controlled_probes_feed_findings_and_endpoint_intelligence FAILED [ 12%]
tests/unit/analysis/test_controlled_attack_probes.py::ControlledAttackProbeTests::test_parameter_pollution_exploitation_detects_duplicate_parameter_effect PASSED [ 13%]
tests/unit/analysis/test_endpoint_intelligence_graph.py::EndpointIntelligenceGraphTests::test_attack_graph_builds_required_edge_types_and_chains PASSED [ 13%]
tests/unit/analysis/test_endpoint_intelligence_graph.py::EndpointIntelligenceGraphTests::test_cross_endpoint_relationships_and_auth_mapping_are_derived PASSED [ 13%]
tests/unit/analysis/test_endpoint_intelligence_graph.py::EndpointIntelligenceGraphTests::test_finding_graph_derives_required_node_and_edge_types PASSED [ 13%]
tests/unit/analysis/test_findings_merge_orchestrator.py::MergeOrchestratorDedupTests::test_cross_module_dedup_preserves_validation_context PASSED [ 13%]
tests/unit/analysis/test_findings_merge_orchestrator.py::MergeOrchestratorDedupTests::test_evidence_similarity_dedup_keeps_verified_context PASSED [ 13%]
tests/unit/analysis/test_forensics.py::test_forensic_exchange_redaction PASSED [ 13%]
tests/unit/analysis/test_forensics.py::test_forensic_exchange_truncation PASSED [ 13%]
tests/unit/analysis/test_forensics.py::test_save_forensic_exchange PASSED [ 13%]
tests/unit/analysis/test_passive_analysis_runtime.py::PassiveAnalysisRuntimeTests::test_adaptive_scheduler_backs_off_on_latency_or_error PASSED [ 13%]
tests/unit/analysis/test_passive_analysis_runtime.py::PassiveAnalysisRuntimeTests::test_adaptive_scheduler_increases_rate_after_healthy_streak PASSED [ 13%]
tests/unit/analysis/test_passive_analysis_runtime.py::PassiveAnalysisRuntimeTests::test_response_cache_keeps_single_attempt_when_auto_mode_is_disabled PASSED [ 13%]
tests/unit/analysis/test_passive_analysis_runtime.py::PassiveAnalysisRuntimeTests::test_response_cache_retries_transient_failures_in_auto_max_speed_mode PASSED [ 13%]
tests/unit/analysis/test_property_based.py::test_ssrf_private_ip_always_flagged PASSED [ 13%]
tests/unit/analysis/test_property_based.py::test_ssrf_cloud_metadata_always_flagged PASSED [ 13%]
tests/unit/analysis/test_property_based.py::test_ssrf_protocol_smuggling_always_flagged PASSED [ 13%]
tests/unit/analysis/test_property_based.py::test_ssrf_dns_rebinding_always_flagged PASSED [ 13%]
tests/unit/analysis/test_property_based.py::test_idor_numeric_path_always_detected PASSED [ 13%]
tests/unit/analysis/test_property_based.py::test_idor_numeric_query_param_always_detected PASSED [ 13%]
tests/unit/analysis/test_property_based.py::test_idor_uuid_path_always_detected PASSED [ 13%]
tests/unit/analysis/test_property_based.py::test_vulnerable_component_scores_in_valid_range PASSED [ 13%]
tests/unit/analysis/test_property_based.py::test_vulnerable_component_severity_monotonic PASSED [ 13%]
tests/unit/analysis/test_property_based.py::test_ssrf_fuzz_no_crash PASSED [ 13%]
tests/unit/analysis/test_property_based.py::test_idor_fuzz_no_crash PASSED [ 13%]
tests/unit/analysis/test_property_based.py::test_token_detector_fuzz_no_crash PASSED [ 13%]
tests/unit/analysis/test_property_based.py::test_vulnerable_component_fuzz_no_crash PASSED [ 14%]
tests/unit/analysis/test_property_based.py::test_token_detector_jwt_always_found PASSED [ 14%]
tests/unit/analysis/test_property_based.py::test_token_detector_api_key_always_found PASSED [ 14%]
tests/unit/analysis/test_property_based.py::test_token_detector_no_false_positives_on_random PASSED [ 14%]
tests/unit/analysis/test_response_analysis_structured_diff.py::StructuredResponseDiffTests::test_raw_fallback_when_json_parse_fails PASSED [ 14%]
tests/unit/analysis/test_response_analysis_structured_diff.py::StructuredResponseDiffTests::test_structured_diff_detects_field_changes PASSED [ 14%]
tests/unit/analysis/test_response_analysis_structured_diff.py::StructuredResponseDiffTests::test_structured_diff_ignores_noise_fields PASSED [ 14%]
tests/unit/analysis/test_response_filter.py::ResponseFilterTests::test_behavior_comparison_returns_filter_fields PASSED [ 14%]
tests/unit/analysis/test_response_filter.py::ResponseFilterTests::test_downranks_validation_noise PASSED [ 14%]
tests/unit/analysis/test_response_filter.py::ResponseFilterTests::test_ignores_same_status_near_identical PASSED [ 14%]
tests/unit/analysis/test_response_filter.py::ResponseFilterTests::test_upranks_200_to_302 PASSED [ 14%]
tests/unit/analysis/test_response_filter.py::ResponseFilterTests::test_upranks_200_to_403 PASSED [ 14%]
tests/unit/analysis/test_security_detectors_properties.py::test_ssrf_param_with_private_ip_always_detected PASSED [ 14%]
tests/unit/analysis/test_security_detectors_properties.py::test_ssrf_param_with_cloud_metadata_always_detected PASSED [ 14%]
tests/unit/analysis/test_security_detectors_properties.py::test_ssrf_param_with_protocol_url_always_detected PASSED [ 14%]
tests/unit/analysis/test_security_detectors_properties.py::test_ssrf_no_false_positive_on_safe_param_value PASSED [ 14%]
tests/unit/analysis/test_security_detectors_properties.py::test_ssrf_non_ssrf_param_not_flagged PASSED [ 14%]
tests/unit/analysis/test_security_detectors_properties.py::test_ssrf_url_with_private_ip_in_value_flagged PASSED [ 14%]
tests/unit/analysis/test_security_detectors_properties.py::test_ssrf_find_ssrf_params_never_crashes PASSED [ 14%]
tests/unit/analysis/test_security_detectors_properties.py::test_xss_payload_in_field_always_detected PASSED [ 14%]
tests/unit/analysis/test_security_detectors_properties.py::test_xss_dangerous_value_regex_matches_all_payloads PASSED [ 14%]
tests/unit/analysis/test_security_detectors_properties.py::test_xss_signals_returns_non_empty_for_payloads PASSED [ 14%]
tests/unit/analysis/test_security_detectors_properties.py::test_xss_no_false_positive_on_safe_text PASSED [ 14%]
tests/unit/analysis/test_security_detectors_properties.py::test_xss_no_false_positive_on_safe_responses PASSED [ 14%]
tests/unit/analysis/test_security_detectors_properties.py::test_xss_detector_never_crashes_on_arbitrary_body PASSED [ 14%]
tests/unit/analysis/test_security_detectors_properties.py::test_csrf_token_present_in_form_detected PASSED [ 14%]
tests/unit/analysis/test_security_detectors_properties.py::test_csrf_token_names_are_recognized_patterns PASSED [ 15%]
tests/unit/analysis/test_security_detectors_properties.py::test_csrf_no_false_positive_on_safe_form PASSED [ 15%]
tests/unit/analysis/test_security_detectors_properties.py::test_csrf_form_without_token_has_no_csrf_field PASSED [ 15%]
tests/unit/analysis/test_security_detectors_properties.py::test_header_checker_missing_headers_always_reported PASSED [ 15%]
tests/unit/analysis/test_security_detectors_properties.py::test_header_checker_all_secure_no_issues PASSED [ 15%]
tests/unit/analysis/test_security_detectors_properties.py::test_header_checker_weak_headers_always_reported PASSED [ 15%]
tests/unit/analysis/test_security_detectors_properties.py::test_header_checker_never_crashes_on_arbitrary_headers PASSED [ 15%]
tests/unit/analysis/test_security_detectors_properties.py::test_header_checker_http_no_hsts_issue PASSED [ 15%]
tests/unit/analysis/test_security_detectors_properties.py::test_sensitive_data_aws_access_key_always_detected PASSED [ 15%]
tests/unit/analysis/test_security_detectors_properties.py::test_sensitive_data_github_token_always_detected PASSED [ 15%]
tests/unit/analysis/test_security_detectors_properties.py::test_sensitive_data_stripe_key_always_detected PASSED [ 15%]
tests/unit/analysis/test_security_detectors_properties.py::test_sensitive_data_google_api_key_always_detected PASSED [ 15%]
tests/unit/analysis/test_security_detectors_properties.py::test_sensitive_data_slack_token_always_detected PASSED [ 15%]
tests/unit/analysis/test_security_detectors_properties.py::test_sensitive_data_private_key_always_detected PASSED [ 15%]
tests/unit/analysis/test_security_detectors_properties.py::test_sensitive_data_cloud_metadata_url_always_detected PASSED [ 15%]
tests/unit/analysis/test_security_detectors_properties.py::test_sensitive_data_internal_ip_always_detected PASSED [ 15%]
tests/unit/analysis/test_security_detectors_properties.py::test_sensitive_data_no_false_positive_on_safe_text PASSED [ 15%]
tests/unit/analysis/test_security_detectors_properties.py::test_sensitive_data_no_false_positive_on_safe_responses PASSED [ 15%]
tests/unit/analysis/test_security_detectors_properties.py::test_sensitive_data_scanner_never_crashes_on_arbitrary_body PASSED [ 15%]
tests/unit/analysis/test_security_detectors_properties.py::test_check_cloud_metadata_always_detects_cloud_patterns PASSED [ 15%]
tests/unit/analysis/test_security_detectors_properties.py::test_check_internal_leakage_always_detects_internal_ips PASSED [ 15%]
tests/unit/analysis/test_security_detectors_properties.py::test_check_internal_errors_always_detects_error_patterns PASSED [ 15%]
tests/unit/analysis/test_security_detectors_properties.py::test_check_cloud_metadata_no_false_positive_on_safe_text PASSED [ 15%]
tests/unit/analysis/test_security_detectors_properties.py::test_check_internal_leakage_no_false_positive_on_safe_text PASSED [ 15%]
tests/unit/analysis/test_security_detectors_properties.py::test_check_internal_errors_no_false_positive_on_safe_text PASSED [ 15%]
tests/unit/analysis/test_security_detectors_properties.py::test_all_sensitive_patterns_are_testable PASSED [ 16%]
tests/unit/analysis/test_security_detectors_properties.py::test_ssrf_param_names_are_non_empty PASSED [ 16%]
tests/unit/analysis/test_security_detectors_properties.py::test_csrf_token_names_are_non_empty PASSED [ 16%]
tests/unit/analysis/test_security_error_coverage.py::SecurityErrorCoverageTests::test_cache_poisoning_indicator_is_flagged PASSED [ 16%]
tests/unit/analysis/test_security_error_coverage.py::SecurityErrorCoverageTests::test_lack_of_password_confirmation_is_flagged PASSED [ 16%]
tests/unit/analysis/test_security_error_coverage.py::SecurityErrorCoverageTests::test_lack_of_security_headers_is_flagged PASSED [ 16%]
tests/unit/analysis/test_security_error_coverage.py::SecurityErrorCoverageTests::test_mail_server_misconfiguration_signal_is_flagged PASSED [ 16%]
tests/unit/analysis/test_security_error_coverage.py::SecurityErrorCoverageTests::test_missing_secure_or_httponly_cookie_flags_are_flagged PASSED [ 16%]
tests/unit/analysis/test_security_error_coverage.py::SecurityErrorCoverageTests::test_no_rate_limiting_on_form_is_flagged PASSED [ 16%]
tests/unit/analysis/test_security_error_coverage.py::SecurityErrorCoverageTests::test_oauth_misconfiguration_signal_is_flagged PASSED [ 16%]
tests/unit/analysis/test_vulnerable_component_detector.py::VulnerableComponentDetectorRegistrationTests::test_binding_has_callable_runner PASSED [ 16%]
tests/unit/analysis/test_vulnerable_component_detector.py::VulnerableComponentDetectorRegistrationTests::test_binding_has_correct_input_kind PASSED [ 16%]
tests/unit/analysis/test_vulnerable_component_detector.py::VulnerableComponentDetectorRegistrationTests::test_binding_runner_is_correct_function PASSED [ 16%]
tests/unit/analysis/test_vulnerable_component_detector.py::VulnerableComponentDetectorRegistrationTests::test_detector_registered_in_analyzer_bindings PASSED [ 16%]
tests/unit/analysis/test_vulnerable_component_detector.py::VulnerableComponentDetectorFunctionalityTests::test_finds_with_noise_url_are_skipped PASSED [ 16%]
tests/unit/analysis/test_vulnerable_component_detector.py::VulnerableComponentDetectorFunctionalityTests::test_no_findings_for_clean_response PASSED [ 16%]
tests/unit/analysis/test_vulnerable_component_detector.py::VulnerableComponentDetectorFunctionalityTests::test_no_findings_for_empty_responses PASSED [ 16%]
tests/unit/analysis/test_vulnerable_component_detector.py::VulnerableComponentDetectorServerVersionTests::test_detects_apache_version PASSED [ 16%]
tests/unit/analysis/test_vulnerable_component_detector.py::VulnerableComponentDetectorServerVersionTests::test_detects_iis_version PASSED [ 16%]
tests/unit/analysis/test_vulnerable_component_detector.py::VulnerableComponentDetectorServerVersionTests::test_detects_known_vulnerable_apache PASSED [ 16%]
tests/unit/analysis/test_vulnerable_component_detector.py::VulnerableComponentDetectorServerVersionTests::test_detects_known_vulnerable_iis PASSED [ 16%]
tests/unit/analysis/test_vulnerable_component_detector.py::VulnerableComponentDetectorServerVersionTests::test_detects_known_vulnerable_nginx PASSED [ 16%]
tests/unit/analysis/test_vulnerable_component_detector.py::VulnerableComponentDetectorServerVersionTests::test_detects_nginx_version PASSED [ 16%]
tests/unit/analysis/test_vulnerable_component_detector.py::VulnerableComponentDetectorPoweredByTests::test_detects_asp_net PASSED [ 16%]
tests/unit/analysis/test_vulnerable_component_detector.py::VulnerableComponentDetectorPoweredByTests::test_detects_django PASSED [ 16%]
tests/unit/analysis/test_vulnerable_component_detector.py::VulnerableComponentDetectorPoweredByTests::test_detects_express_framework PASSED [ 16%]
tests/unit/analysis/test_vulnerable_component_detector.py::VulnerableComponentDetectorPoweredByTests::test_detects_php_version PASSED [ 17%]
tests/unit/analysis/test_vulnerable_component_detector.py::VulnerableComponentDetectorPoweredByTests::test_detects_vulnerable_php_version PASSED [ 17%]
tests/unit/analysis/test_vulnerable_component_detector.py::VulnerableComponentDetectorFrameworkHeadersTests::test_detects_aspnet_version_header PASSED [ 17%]
tests/unit/analysis/test_vulnerable_component_detector.py::VulnerableComponentDetectorFrameworkHeadersTests::test_detects_envoy_header PASSED [ 17%]
tests/unit/analysis/test_vulnerable_component_detector.py::VulnerableComponentDetectorFrameworkHeadersTests::test_detects_x_generator_header PASSED [ 17%]
tests/unit/analysis/test_vulnerable_component_detector.py::VulnerableComponentDetectorFrameworkHeadersTests::test_detects_x_runtime_header PASSED [ 17%]
tests/unit/analysis/test_vulnerable_component_detector.py::VulnerableComponentDetectorDebugIndicatorsTests::test_detects_debug_header PASSED [ 17%]
tests/unit/analysis/test_vulnerable_component_detector.py::VulnerableComponentDetectorDebugIndicatorsTests::test_detects_debug_mode_in_body PASSED [ 17%]
tests/unit/analysis/test_vulnerable_component_detector.py::VulnerableComponentDetectorDebugIndicatorsTests::test_detects_development_environment_header PASSED [ 17%]
tests/unit/analysis/test_vulnerable_component_detector.py::VulnerableComponentDetectorDebugIndicatorsTests::test_detects_flask_debugger PASSED [ 17%]
tests/unit/analysis/test_vulnerable_component_detector.py::VulnerableComponentDetectorDebugIndicatorsTests::test_detects_sql_error_exposure PASSED [ 17%]
tests/unit/analysis/test_vulnerable_component_detector.py::VulnerableComponentDetectorDebugIndicatorsTests::test_detects_stack_trace_exposure PASSED [ 17%]
tests/unit/api_tests/test_api_key_workflow_shared.py::ApiKeyWorkflowSharedTests::test_banner_and_section_helpers_preserve_expected_layout PASSED [ 17%]
tests/unit/api_tests/test_api_key_workflow_shared.py::ApiKeyWorkflowSharedTests::test_placement_request_parts_merges_headers_and_params_without_mutation PASSED [ 17%]
tests/unit/api_tests/test_models.py::TestApiTestContext::test_all_fields_populated PASSED [ 17%]
tests/unit/api_tests/test_models.py::TestApiTestContext::test_frozen_dataclass_is_immutable PASSED [ 17%]
tests/unit/api_tests/test_models.py::TestApiTestContext::test_empty_string_fields PASSED [ 17%]
tests/unit/api_tests/test_models.py::TestApiTestContext::test_equality_same_values PASSED [ 17%]
tests/unit/api_tests/test_models.py::TestApiTestContext::test_inequality_different_values PASSED [ 17%]
tests/unit/api_tests/test_models.py::TestApiTestContext::test_repr_contains_title PASSED [ 17%]
tests/unit/api_tests/test_models.py::TestRequestSummary::test_successful_response PASSED [ 17%]
tests/unit/api_tests/test_models.py::TestRequestSummary::test_failed_response PASSED [ 17%]
tests/unit/api_tests/test_models.py::TestRequestSummary::test_error_response_with_status PASSED [ 17%]
tests/unit/api_tests/test_models.py::TestRequestSummary::test_frozen_immutability PASSED [ 17%]
tests/unit/api_tests/test_models.py::TestRequestSummary::test_equality PASSED [ 17%]
tests/unit/api_tests/test_models.py::TestRequestSummary::test_inequality PASSED [ 18%]
tests/unit/api_tests/test_models.py::TestComparisonSummary::test_no_differences PASSED [ 18%]
tests/unit/api_tests/test_models.py::TestComparisonSummary::test_status_changed PASSED [ 18%]
tests/unit/api_tests/test_models.py::TestComparisonSummary::test_length_changed PASSED [ 18%]
tests/unit/api_tests/test_models.py::TestComparisonSummary::test_all_changed PASSED [ 18%]
tests/unit/api_tests/test_models.py::TestComparisonSummary::test_frozen_immutability PASSED [ 18%]
tests/unit/api_tests/test_models.py::TestComparisonSummary::test_equality PASSED [ 18%]
tests/unit/api_tests/test_models.py::TestComparisonSummary::test_repr PASSED [ 18%]
tests/unit/api_tests/test_results.py::TestCleanText::test_normal_string PASSED [ 18%]
tests/unit/api_tests/test_results.py::TestCleanText::test_strips_whitespace PASSED [ 18%]
tests/unit/api_tests/test_results.py::TestCleanText::test_none_returns_default PASSED [ 18%]
tests/unit/api_tests/test_results.py::TestCleanText::test_empty_string_returns_default PASSED [ 18%]
tests/unit/api_tests/test_results.py::TestCleanText::test_custom_default PASSED [ 18%]
tests/unit/api_tests/test_results.py::TestCleanText::test_empty_string_custom_default PASSED [ 18%]
tests/unit/api_tests/test_results.py::TestCleanText::test_non_string_value PASSED [ 18%]
tests/unit/api_tests/test_results.py::TestCleanText::test_boolean_true PASSED [ 18%]
tests/unit/api_tests/test_results.py::TestCleanText::test_boolean_false PASSED [ 18%]
tests/unit/api_tests/test_results.py::TestCleanBool::test_true_returns_yes PASSED [ 18%]
tests/unit/api_tests/test_results.py::TestCleanBool::test_false_returns_no PASSED [ 18%]
tests/unit/api_tests/test_results.py::TestCleanBool::test_none_returns_unknown PASSED [ 18%]
tests/unit/api_tests/test_results.py::TestCleanBool::test_empty_string_returns_unknown PASSED [ 18%]
tests/unit/api_tests/test_results.py::TestCleanBool::test_zero_returns_unknown PASSED [ 18%]
tests/unit/api_tests/test_results.py::TestCleanBool::test_one_returns_unknown PASSED [ 18%]
tests/unit/api_tests/test_results.py::TestCleanBool::test_string_returns_unknown PASSED [ 18%]
tests/unit/api_tests/test_results.py::TestCleanNumber::test_integer PASSED [ 18%]
tests/unit/api_tests/test_results.py::TestCleanNumber::test_float PASSED [ 18%]
tests/unit/api_tests/test_results.py::TestCleanNumber::test_none_returns_na PASSED [ 19%]
tests/unit/api_tests/test_results.py::TestCleanNumber::test_empty_string_returns_na PASSED [ 19%]
tests/unit/api_tests/test_results.py::TestCleanNumber::test_string_number PASSED [ 19%]
tests/unit/api_tests/test_results.py::TestCleanNumber::test_digits_zero PASSED [ 19%]
tests/unit/api_tests/test_results.py::TestCleanNumber::test_digits_one PASSED [ 19%]
tests/unit/api_tests/test_results.py::TestCleanNumber::test_digits_two PASSED [ 19%]
tests/unit/api_tests/test_results.py::TestCleanNumber::test_invalid_string_returns_na PASSED [ 19%]
tests/unit/api_tests/test_results.py::TestCleanNumber::test_zero PASSED  [ 19%]
tests/unit/api_tests/test_results.py::TestCleanNumber::test_negative PASSED [ 19%]
tests/unit/api_tests/test_results.py::TestBuildApiTestResult::test_basic_result PASSED [ 19%]
tests/unit/api_tests/test_results.py::TestBuildApiTestResult::test_result_has_summary PASSED [ 19%]
tests/unit/api_tests/test_results.py::TestBuildApiTestResult::test_summary_contains_expected_fields PASSED [ 19%]
tests/unit/api_tests/test_results.py::TestBuildApiTestResult::test_empty_request_context PASSED [ 19%]
tests/unit/api_tests/test_results.py::TestBuildApiTestResult::test_missing_request_context PASSED [ 19%]
tests/unit/api_tests/test_results.py::TestBuildApiTestResult::test_none_request_context PASSED [ 19%]
tests/unit/api_tests/test_results.py::TestBuildApiTestResult::test_result_keys PASSED [ 19%]
tests/unit/api_tests/test_results.py::TestBuildApiTestResult::test_all_values_are_strings PASSED [ 19%]
tests/unit/api_tests/test_results.py::TestBuildApiTestResult::test_with_evidence PASSED [ 19%]
tests/unit/api_tests/test_results.py::TestBuildApiTestResult::test_with_trust_boundary_shift PASSED [ 19%]
tests/unit/api_tests/test_results.py::TestBuildApiTestResult::test_method_defaults_to_get PASSED [ 19%]
tests/unit/api_tests/test_results.py::TestBuildApiTestResult::test_method_uppercase PASSED [ 19%]
tests/unit/api_tests/test_runner.py::TestApiKeyWorkflowSpec::test_spec_creation PASSED [ 19%]
tests/unit/api_tests/test_runner.py::TestApiKeyWorkflowSpec::test_spec_frozen PASSED [ 19%]
tests/unit/api_tests/test_runner.py::TestApiKeyWorkflowSpec::test_spec_equality PASSED [ 19%]
tests/unit/api_tests/test_runner.py::TestApiKeyWorkflowSpec::test_spec_inequality PASSED [ 19%]
tests/unit/api_tests/test_runner.py::TestWorkflowSpecs::test_workflow_specs_is_tuple PASSED [ 20%]
tests/unit/api_tests/test_runner.py::TestWorkflowSpecs::test_workflow_specs_count PASSED [ 20%]
tests/unit/api_tests/test_runner.py::TestWorkflowSpecs::test_all_specs_are_api_key_workflow_spec PASSED [ 20%]
tests/unit/api_tests/test_runner.py::TestWorkflowSpecs::test_all_specs_have_unique_keys PASSED [ 20%]
tests/unit/api_tests/test_runner.py::TestWorkflowSpecs::test_all_specs_have_non_empty_labels PASSED [ 20%]
tests/unit/api_tests/test_runner.py::TestWorkflowSpecs::test_all_specs_have_non_empty_descriptions PASSED [ 20%]
tests/unit/api_tests/test_runner.py::TestWorkflowSpecs::test_all_specs_have_callable_runners PASSED [ 20%]
tests/unit/api_tests/test_runner.py::TestWorkflowSpecs::test_expected_workflow_keys_exist PASSED [ 20%]
tests/unit/api_tests/test_runner.py::TestWorkflowSpecsByKey::test_is_dict PASSED [ 20%]
tests/unit/api_tests/test_runner.py::TestWorkflowSpecsByKey::test_count_matches_specs PASSED [ 20%]
tests/unit/api_tests/test_runner.py::TestWorkflowSpecsByKey::test_all_keys_are_strings PASSED [ 20%]
tests/unit/api_tests/test_runner.py::TestWorkflowSpecsByKey::test_all_values_are_specs PASSED [ 20%]
tests/unit/api_tests/test_runner.py::TestWorkflowSpecsByKey::test_key_matches_spec_key PASSED [ 20%]
tests/unit/api_tests/test_runner.py::TestWorkflowSpecsByKey::test_advanced_workflow_exists PASSED [ 20%]
tests/unit/api_tests/test_runner.py::TestWorkflowSpecsByKey::test_detailed_workflow_exists PASSED [ 20%]
tests/unit/api_tests/test_runner.py::TestWorkflowSpecsByKey::test_scope_workflow_exists PASSED [ 20%]
tests/unit/api_tests/test_runner.py::TestWorkflowSpecsByKey::test_write_actions_workflow_exists PASSED [ 20%]
tests/unit/api_tests/test_runner.py::TestListWorkflows::test_returns_tuple PASSED [ 20%]
tests/unit/api_tests/test_runner.py::TestListWorkflows::test_returns_same_as_workflow_specs PASSED [ 20%]
tests/unit/api_tests/test_runner.py::TestListWorkflows::test_correct_length PASSED [ 20%]
tests/unit/api_tests/test_runner.py::TestGetWorkflow::test_get_advanced_workflow PASSED [ 20%]
tests/unit/api_tests/test_runner.py::TestGetWorkflow::test_get_detailed_workflow PASSED [ 20%]
tests/unit/api_tests/test_runner.py::TestGetWorkflow::test_get_scope_workflow PASSED [ 20%]
tests/unit/api_tests/test_runner.py::TestGetWorkflow::test_get_write_actions_workflow PASSED [ 20%]
tests/unit/api_tests/test_runner.py::TestGetWorkflow::test_invalid_key_raises_key_error PASSED [ 20%]
tests/unit/api_tests/test_runner.py::TestGetWorkflow::test_empty_string_raises_key_error PASSED [ 20%]
tests/unit/api_tests/test_runner.py::TestGetWorkflowRunner::test_returns_callable_for_advanced PASSED [ 21%]
tests/unit/api_tests/test_runner.py::TestGetWorkflowRunner::test_returns_callable_for_detailed PASSED [ 21%]
tests/unit/api_tests/test_runner.py::TestGetWorkflowRunner::test_returns_callable_for_scope PASSED [ 21%]
tests/unit/api_tests/test_runner.py::TestGetWorkflowRunner::test_returns_callable_for_write_actions PASSED [ 21%]
tests/unit/api_tests/test_runner.py::TestGetWorkflowRunner::test_invalid_key_raises_key_error PASSED [ 21%]
tests/unit/api_tests/test_runner.py::TestGetWorkflowRunner::test_runner_matches_spec_runner PASSED [ 21%]
tests/unit/core/test_events.py::TestEventBusSubscribe::test_subscribe_async_returns_unique_id PASSED [ 21%]
tests/unit/core/test_events.py::TestEventBusSubscribe::test_subscribe_different_handlers PASSED [ 21%]
tests/unit/core/test_events.py::TestEventBusSubscribe::test_subscribe_returns_unique_id PASSED [ 21%]
tests/unit/core/test_events.py::TestEventBusSubscribe::test_subscribe_same_handler_multiple_events PASSED [ 21%]
tests/unit/core/test_events.py::TestEventBusUnsubscribe::test_unsubscribe_from_correct_event_type PASSED [ 21%]
tests/unit/core/test_events.py::TestEventBusUnsubscribe::test_unsubscribe_nonexistent_id_logs_warning PASSED [ 21%]
tests/unit/core/test_events.py::TestEventBusUnsubscribe::test_unsubscribe_only_removes_target PASSED [ 21%]
tests/unit/core/test_events.py::TestEventBusUnsubscribe::test_unsubscribe_removes_handler PASSED [ 21%]
tests/unit/core/test_events.py::TestEventBusPublish::test_publish_async_handler_schedules_task PASSED [ 21%]
tests/unit/core/test_events.py::TestEventBusPublish::test_publish_calls_multiple_handlers PASSED [ 21%]
tests/unit/core/test_events.py::TestEventBusPublish::test_publish_calls_sync_handler PASSED [ 21%]
tests/unit/core/test_events.py::TestEventBusPublish::test_publish_error_in_handler_does_not_stop_others PASSED [ 21%]
tests/unit/core/test_events.py::TestEventBusPublish::test_publish_event_ordering PASSED [ 21%]
tests/unit/core/test_events.py::TestEventBusPublish::test_publish_no_handlers_does_not_raise PASSED [ 21%]
tests/unit/core/test_events.py::TestEventBusPublish::test_publish_only_calls_handlers_for_event_type PASSED [ 21%]
tests/unit/core/test_events.py::TestEventBusPublishSync::test_publish_sync_error_returns_none PASSED [ 21%]
tests/unit/core/test_events.py::TestEventBusPublishSync::test_publish_sync_no_handlers_returns_empty_list PASSED [ 21%]
tests/unit/core/test_events.py::TestEventBusPublishSync::test_publish_sync_returns_handler_results PASSED [ 21%]
tests/unit/core/test_events.py::TestEventBusPublishSync::test_publish_sync_returns_multiple_results PASSED [ 21%]
tests/unit/core/test_events.py::TestEventBusPublishSync::test_publish_sync_runs_async_handler PASSED [ 21%]
tests/unit/core/test_events.py::TestEventBusGetHandlers::test_get_handlers_empty_returns_empty_list PASSED [ 22%]
tests/unit/core/test_events.py::TestEventBusGetHandlers::test_get_handlers_returns_copy PASSED [ 22%]
tests/unit/core/test_events.py::TestEventBusGetHandlers::test_get_handlers_returns_list PASSED [ 22%]
tests/unit/core/test_events.py::TestEventBusClear::test_clear_removes_all_subscriptions PASSED [ 22%]
tests/unit/core/test_events.py::TestEventBusClear::test_clear_removes_async_handlers PASSED [ 22%]
tests/unit/core/test_events.py::TestEventBusThreadSafety::test_concurrent_subscribe_unsubscribe PASSED [ 22%]
tests/unit/core/test_events.py::TestPipelineEvent::test_event_default_correlation_id PASSED [ 22%]
tests/unit/core/test_events.py::TestPipelineEvent::test_event_default_data_is_empty_dict PASSED [ 22%]
tests/unit/core/test_events.py::TestPipelineEvent::test_event_default_timestamp PASSED [ 22%]
tests/unit/core/test_events.py::TestPipelineEvent::test_event_with_custom_data PASSED [ 22%]
tests/unit/core/test_nuclei_parser.py::test_severity_normalize_and_score PASSED [ 22%]
tests/unit/core/test_nuclei_parser.py::test_parse_line_minimal PASSED    [ 22%]
tests/unit/core/test_nuclei_parser.py::test_parse_output_dedupe_and_mitre PASSED [ 22%]
tests/unit/core/test_pipeline_contract.py::PipelineContractTests::test_contract_fixtures_produce_valid_shapes PASSED [ 22%]
tests/unit/core/test_pipeline_contract.py::PipelineContractTests::test_dedup_helpers_are_deterministic PASSED [ 22%]
tests/unit/core/test_pipeline_contract.py::PipelineContractTests::test_scope_match_supports_exact_and_host_family PASSED [ 22%]
tests/unit/core/test_pipeline_contract.py::PipelineContractTests::test_validation_schema_versions_match_contract PASSED [ 22%]
tests/unit/core/test_pipeline_contract_enforcement.py::PipelineContractEnforcementTests::test_analysis_decision_execution_payload_shapes PASSED [ 22%]
tests/unit/core/test_pipeline_contract_enforcement.py::PipelineContractEnforcementTests::test_dedup_preserves_validation_context_for_lifecycle PASSED [ 22%]
tests/unit/core/test_pipeline_contract_enforcement.py::PipelineContractEnforcementTests::test_detection_payload_requires_list_buckets PASSED [ 22%]
tests/unit/core/test_pipeline_contract_enforcement.py::PipelineContractEnforcementTests::test_finding_lifecycle_state_progression PASSED [ 22%]
tests/unit/core/test_pipeline_contract_enforcement.py::PipelineContractEnforcementTests::test_lifecycle_infers_from_evidence_validation_state PASSED [ 22%]
tests/unit/core/test_pipeline_contract_enforcement.py::PipelineContractEnforcementTests::test_recon_payload_requires_absolute_urls PASSED [ 22%]
tests/unit/core/test_pipeline_runtime_contracts.py::test_stage_input_uses_immutable_snapshot PASSED [ 22%]
tests/unit/core/test_pipeline_runtime_contracts.py::test_stage_output_maps_state_to_stage_outcome PASSED [ 22%]
tests/unit/core/test_pipeline_runtime_contracts.py::test_stage_output_tolerates_non_deepcopyable_metric_payloads PASSED [ 23%]
tests/unit/core/test_progress_queue.py::TestPutAndGet::test_put_and_get PASSED [ 23%]
tests/unit/core/test_progress_queue.py::TestPutAndGet::test_put_and_get_multiple PASSED [ 23%]
tests/unit/core/test_progress_queue.py::TestPutAndGet::test_put_returns_true PASSED [ 23%]
tests/unit/core/test_progress_queue.py::TestPutAndGet::test_get_returns_event PASSED [ 23%]
tests/unit/core/test_progress_queue.py::TestGetTimeout::test_get_timeout_returns_none PASSED [ 23%]
tests/unit/core/test_progress_queue.py::TestGetTimeout::test_get_timeout_short PASSED [ 23%]
tests/unit/core/test_progress_queue.py::TestGetTimeout::test_get_timeout_long PASSED [ 23%]
tests/unit/core/test_progress_queue.py::TestOverflowDropsOldest::test_overflow_drops_oldest PASSED [ 23%]
tests/unit/core/test_progress_queue.py::TestOverflowDropsOldest::test_overflow_accepts_new_item PASSED [ 23%]
tests/unit/core/test_progress_queue.py::TestOverflowDropsOldest::test_overflow_does_not_block PASSED [ 23%]
tests/unit/core/test_progress_queue.py::TestDroppedCount::test_dropped_count_starts_at_zero PASSED [ 23%]
tests/unit/core/test_progress_queue.py::TestDroppedCount::test_dropped_count_tracks_overflows PASSED [ 23%]
tests/unit/core/test_progress_queue.py::TestDroppedCount::test_dropped_count_no_overflow PASSED [ 23%]
tests/unit/core/test_progress_queue.py::TestDroppedCount::test_dropped_count_multiple_overflows PASSED [ 23%]
tests/unit/core/test_progress_queue.py::TestQsize::test_qsize_starts_at_zero PASSED [ 23%]
tests/unit/core/test_progress_queue.py::TestQsize::test_qsize_returns_correct_size PASSED [ 23%]
tests/unit/core/test_progress_queue.py::TestQsize::test_qsize_after_get_all PASSED [ 23%]
tests/unit/core/test_progress_queue.py::TestQsize::test_qsize_after_overflow PASSED [ 23%]
tests/unit/core/test_progress_queue.py::TestSingleton::test_singleton_returns_same_instance PASSED [ 23%]
tests/unit/core/test_progress_queue.py::TestSingleton::test_singleton_is_progress_queue PASSED [ 23%]
tests/unit/core/test_progress_queue.py::TestReset::test_reset_clears_singleton PASSED [ 23%]
tests/unit/core/test_progress_queue.py::TestReset::test_reset_allows_new_instance PASSED [ 23%]
tests/unit/core/test_progress_queue.py::TestCreateProgressCallbackJobId::test_create_progress_callback_adds_job_id PASSED [ 23%]
tests/unit/core/test_progress_queue.py::TestCreateProgressCallbackJobId::test_create_progress_callback_preserves_original_data PASSED [ 23%]
tests/unit/core/test_progress_queue.py::TestCreateProgressCallbackTimestamp::test_create_progress_callback_adds_timestamp PASSED [ 23%]
tests/unit/core/test_progress_queue.py::TestCreateProgressCallbackTimestamp::test_create_progress_callback_timestamp_is_recent PASSED [ 24%]
tests/unit/core/test_progress_queue.py::TestConcurrentPuts::test_concurrent_puts_thread_safe PASSED [ 24%]
tests/unit/core/test_progress_queue.py::TestConcurrentPuts::test_concurrent_puts_no_data_loss PASSED [ 24%]
tests/unit/core/test_progress_queue.py::TestConcurrentPutGet::test_concurrent_put_get_thread_safe PASSED [ 24%]
tests/unit/core/test_progress_queue.py::TestConcurrentPutGet::test_concurrent_producer_consumer_no_crash PASSED [ 24%]
tests/unit/core/test_progress_queue.py::TestCallbackException::test_callback_exception_does_not_crash PASSED [ 24%]
tests/unit/core/test_progress_queue.py::TestCallbackException::test_callback_with_job_id_survives_exception PASSED [ 24%]
tests/unit/core/test_progress_queue.py::TestCallbackException::test_queue_still_works_after_many_exceptions PASSED [ 24%]
tests/unit/core/test_progress_queue.py::TestEdgeCases::test_put_empty_dict PASSED [ 24%]
tests/unit/core/test_progress_queue.py::TestEdgeCases::test_put_complex_nested_dict PASSED [ 24%]
tests/unit/core/test_progress_queue.py::TestEdgeCases::test_get_blocks_until_put PASSED [ 24%]
tests/unit/core/test_progress_queue.py::TestEdgeCases::test_progress_queue_default_maxsize PASSED [ 24%]
tests/unit/core/test_progress_queue.py::TestEdgeCases::test_dropped_count_property_is_thread_safe PASSED [ 24%]
tests/unit/core/test_safe_errors.py::TestSafeErrorMessage::test_colon_sensitive_pattern_redacted PASSED [ 24%]
tests/unit/core/test_safe_errors.py::TestSafeErrorMessage::test_empty_exception_message_returns_default PASSED [ 24%]
tests/unit/core/test_safe_errors.py::TestSafeErrorMessage::test_exception_with_no_args PASSED [ 24%]
tests/unit/core/test_safe_errors.py::TestSafeErrorMessage::test_multiple_sensitive_patterns_redacted PASSED [ 24%]
tests/unit/core/test_safe_errors.py::TestSafeErrorMessage::test_non_sensitive_path_not_redacted PASSED [ 24%]
tests/unit/core/test_safe_errors.py::TestSafeErrorMessage::test_none_like_exception_handled PASSED [ 24%]
tests/unit/core/test_safe_errors.py::TestSafeErrorMessage::test_normal_error_passes_through PASSED [ 24%]
tests/unit/core/test_safe_errors.py::TestSafeErrorMessage::test_redacts_api_key_pattern PASSED [ 24%]
tests/unit/core/test_safe_errors.py::TestSafeErrorMessage::test_redacts_auth_equals_pattern PASSED [ 24%]
tests/unit/core/test_safe_errors.py::TestSafeErrorMessage::test_redacts_basic_auth_pattern PASSED [ 24%]
tests/unit/core/test_safe_errors.py::TestSafeErrorMessage::test_redacts_bearer_token_pattern PASSED [ 24%]
tests/unit/core/test_safe_errors.py::TestSafeErrorMessage::test_redacts_credential_equals_pattern PASSED [ 24%]
tests/unit/core/test_safe_errors.py::TestSafeErrorMessage::test_redacts_credential_patterns_aws_key PASSED [ 25%]
tests/unit/core/test_safe_errors.py::TestSafeErrorMessage::test_redacts_credential_patterns_ghp_prefix PASSED [ 25%]
tests/unit/core/test_safe_errors.py::TestSafeErrorMessage::test_redacts_credential_patterns_sk_prefix PASSED [ 25%]
tests/unit/core/test_safe_errors.py::TestSafeErrorMessage::test_redacts_file_paths_with_js_extension PASSED [ 25%]
tests/unit/core/test_safe_errors.py::TestSafeErrorMessage::test_redacts_file_paths_with_py_extension PASSED [ 25%]
tests/unit/core/test_safe_errors.py::TestSafeErrorMessage::test_redacts_file_paths_with_ts_extension PASSED [ 25%]
tests/unit/core/test_safe_errors.py::TestSafeErrorMessage::test_redacts_key_equals_pattern PASSED [ 25%]
tests/unit/core/test_safe_errors.py::TestSafeErrorMessage::test_redacts_lib_python_paths PASSED [ 25%]
tests/unit/core/test_safe_errors.py::TestSafeErrorMessage::test_redacts_password_equals_pattern PASSED [ 25%]
tests/unit/core/test_safe_errors.py::TestSafeErrorMessage::test_redacts_secret_equals_pattern PASSED [ 25%]
tests/unit/core/test_safe_errors.py::TestSafeErrorMessage::test_redacts_site_packages_paths PASSED [ 25%]
tests/unit/core/test_safe_errors.py::TestSafeErrorMessage::test_redacts_token_equals_pattern PASSED [ 25%]
tests/unit/core/test_safe_errors.py::TestSafeErrorMessage::test_simple_exception_message PASSED [ 25%]
tests/unit/core/test_safe_errors.py::TestSafeErrorMessage::test_strips_file_line_pattern PASSED [ 25%]
tests/unit/core/test_safe_errors.py::TestSafeErrorMessage::test_strips_traceback_pattern PASSED [ 25%]
tests/unit/core/test_safe_errors.py::TestSafeErrorMessage::test_various_exception_types PASSED [ 25%]
tests/unit/core/test_safe_errors.py::TestSafeErrorMessage::test_whitespace_only_message_returns_default PASSED [ 25%]
tests/unit/core/test_safe_errors.py::TestSanitizeLogMessage::test_case_insensitive_header_matching PASSED [ 25%]
tests/unit/core/test_safe_errors.py::TestSanitizeLogMessage::test_empty_message_returns_empty PASSED [ 25%]
tests/unit/core/test_safe_errors.py::TestSanitizeLogMessage::test_multiple_sensitive_values_redacted PASSED [ 25%]
tests/unit/core/test_safe_errors.py::TestSanitizeLogMessage::test_normal_message_unchanged PASSED [ 25%]
tests/unit/core/test_safe_errors.py::TestSanitizeLogMessage::test_redacts_authorization_header PASSED [ 25%]
tests/unit/core/test_safe_errors.py::TestSanitizeLogMessage::test_redacts_basic_auth PASSED [ 25%]
tests/unit/core/test_safe_errors.py::TestSanitizeLogMessage::test_redacts_bearer_token PASSED [ 25%]
tests/unit/core/test_safe_errors.py::TestSanitizeLogMessage::test_redacts_cookie_header PASSED [ 25%]
[...]
src/reporting/sections_graphs.py                                                                      68     21     28      7    62%   32-33, 39-44, 51->55, 68-78, 86-96, 104-114, 138
src/reporting/sections_validation.py                                                                  64     44     18      2    27%   44-67, 85-160, 164-174
src/reporting/vrt_coverage.py                                                                         27      0     10      0   100%
src/websocket_server/__init__.py                                                                       3      0      0      0   100%
src/websocket_server/auth.py                                                                          81     38     26      6    51%   93-94, 98, 109, 149-194, 222, 230-232, 235, 259-275
src/websocket_server/broadcaster.py                                                                  264    183     84     12    27%   62, 80, 84-93, 98, 100->103, 106-127, 132-137, 140-145, 148-152, 158, 163-164, 175-194, 198-236, 241-260, 264-269, 280-315, 318-325, 329-339, 355-357, 375-377, 395-397, 413-415, 431-453, 475, 487, 502, 505, 513-519, 527
src/websocket_server/handlers.py                                                                     146     86     22      1    38%   91, 107-112, 143, 177-180, 184-187, 197-208, 226-228, 234-237, 266-312, 327-361, 380-395
src/websocket_server/heartbeat.py                                                                     77     29     22      6    55%   20, 73, 94->97, 98->104, 102-103, 110, 121->exit, 127, 129, 132-152, 156-162, 170-185
src/websocket_server/integration.py                                                                  124     50      8      0    58%   93-103, 138-149, 172-178, 197-199, 213-216, 219-220, 237-238, 325, 329, 337, 373-375, 379-405, 432-471
src/websocket_server/manager.py                                                                      145     57     46      8    52%   84, 155-161, 164-170, 201, 206->209, 210->213, 215->213, 238, 254-263, 286-288, 299-300, 308, 316-317, 328-358, 372-377, 387-390
src/websocket_server/protocol.py                                                                      86      8      4      0    87%   87-97
src/websocket_server/reconnect.py                                                                     98     51     28      3    40%   49, 63-70, 79, 83, 138, 142-144, 172-182, 191-199, 213-220, 230->exit, 242-245, 256, 265-275, 283-285
start_backend.py                                                                                       5      5      0      0     0%   3-15
----------------------------------------------------------------------------------------------------------------------------------------------
TOTAL                                                                                              62119  33417  22844   2393    41%
Coverage XML written to file coverage.xml
FAIL Required test coverage of 90.0% not reached. Total coverage: 41.00%

----------------------------------------------------------------------------------------------------------------------------- benchmark: 82 tests ------------------------------------------------------------------------------------------------------------------------------
Name (time in ns)                                        Min                           Max                          Mean                      StdDev                        Median                         IQR            Outliers             OPS            Rounds  Iterations
--------------------------------------------------------------------------------------------------------------------------------------------------------------------------------------------------------------------------------------------------------------------------------
test_completion_recording                           320.0000 (1.0)            114,552.0000 (8.60)               389.6493 (1.0)              498.6973 (1.0)                390.0000 (1.0)               31.0000 (1.0)        43;723  2,566,410.3261 (1.0)       62878           1
test_exists_check_latency                           731.0000 (2.28)            19,119.0000 (1.44)               887.6568 (2.28)             976.7637 (1.96)               821.0000 (2.11)              80.0000 (2.58)          2;5  1,126,561.5816 (0.44)        370           1
test_version_bump_invalidation                    1,301.0000 (4.07)            13,511.0000 (1.01)             1,683.7273 (4.32)             673.0110 (1.35)             1,562.0000 (4.01)             141.0000 (4.55)        51;69    593,920.4148 (0.23)        671           1
test_get_metrics_snapshot                         1,943.0000 (6.07)            63,346.0000 (4.76)             2,123.9625 (5.45)             691.3685 (1.39)             2,093.0000 (5.37)              69.0000 (2.23)      160;886    470,818.1131 (0.18)      25949           1
test_l1_miss_then_l2_hit                          2,113.0000 (6.60)            14,121.0000 (1.06)             2,429.5474 (6.24)             746.4622 (1.50)             2,343.0000 (6.01)             171.0000 (5.52)         5;13    411,599.3016 (0.16)        285           1
test_l2_read_latency_sqlite                       2,233.0000 (6.98)            24,306.0000 (1.82)             2,529.2652 (6.49)             576.7053 (1.16)             2,474.0000 (6.34)             129.0000 (4.16)     243;1135    395,371.7496 (0.15)      32770           1
test_l1_read_latency                              2,344.0000 (7.33)            13,321.0000 (1.0)              2,589.1065 (6.64)             867.9520 (1.74)             2,474.0000 (6.34)             141.0000 (4.55)         2;10    386,233.6279 (0.15)        169           1
test_submit_single_task                           5,929.0000 (18.53)        4,357,568.0000 (327.12)           8,472.6050 (21.74)         49,639.5836 (99.54)            6,710.0000 (17.21)          1,935.2500 (62.43)      49;300    118,027.4539 (0.05)      10449           1
test_dead_letter_count                           75,724.0000 (236.64)         232,611.0000 (17.46)           82,092.0546 (210.68)        12,197.8713 (24.46)           79,039.0000 (202.66)         2,627.2500 (84.75)     382;803     12,181.4468 (0.00)       6041           1
test_queue_length                                75,755.0000 (236.73)         233,101.0000 (17.50)           81,714.5694 (209.71)        12,309.4899 (24.68)           78,423.5000 (201.09)         2,914.0000 (94.00)    517;1022     12,237.7198 (0.00)       7826           1
test_worker_selection                            80,322.0000 (251.01)         236,396.0000 (17.75)           87,035.2017 (223.37)        13,867.5418 (27.81)           82,945.0000 (212.68)         3,114.5000 (100.47)    415;915     11,489.6040 (0.00)       6568           1
test_claim_empty_queue                           80,351.0000 (251.10)         218,249.0000 (16.38)           86,808.3297 (222.79)        12,451.8393 (24.97)           83,105.0000 (213.09)         5,123.0000 (165.26)      26;42     11,519.6319 (0.00)        367           1
test_queue_metrics_overhead                      81,353.0000 (254.23)         164,288.0000 (12.33)           89,200.1353 (228.92)        12,049.5984 (24.16)           85,018.0000 (217.99)         5,009.5000 (161.60)      32;39     11,210.7453 (0.00)        303           1
test_pool_acquire_release                        90,637.0000 (283.24)         242,656.0000 (18.22)          101,099.6667 (259.46)        14,634.6773 (29.35)           96,135.0000 (246.50)         7,152.0000 (230.71)      57;66      9,891.2294 (0.00)        510           1
test_complete_single                            100,291.0000 (313.41)         240,783.0000 (18.08)          111,163.9142 (285.29)        15,723.5197 (31.53)          105,489.0000 (270.48)         7,687.0000 (247.97)      53;67      8,995.7250 (0.00)        571           1
test_get_job_latency                            116,645.0000 (364.52)         265,430.0000 (19.93)          128,215.0764 (329.05)        15,752.8327 (31.59)          122,725.0000 (314.68)         8,344.7500 (269.19)    129;169      7,799.3948 (0.00)       1309           1
test_cancel_job                                 123,696.0000 (386.55)         234,784.0000 (17.63)          135,018.2544 (346.51)        13,304.0797 (26.68)          130,877.0000 (335.58)         7,791.0000 (251.32)      37;40      7,406.4059 (0.00)        342           1
test_claim_single                               132,870.9999 (415.22)         282,145.0000 (21.18)          146,282.5878 (375.42)        18,401.8353 (36.90)          140,257.0000 (359.63)         9,889.5000 (319.02)      12;18      6,836.0836 (0.00)        148           1
test_enqueue_priority_impact[10]                176,956.0000 (552.99)       1,080,639.0000 (81.12)          192,978.1948 (495.26)        23,368.5820 (46.86)          186,105.5000 (477.19)        13,179.0000 (425.13)    237;244      5,181.9326 (0.00)       3234           1
test_enqueue_priority_impact[5]                 178,059.0000 (556.43)       1,094,059.0000 (82.13)          194,459.1541 (499.06)        23,693.8290 (47.51)          187,152.0000 (479.88)        13,821.0000 (445.84)    236;232      5,142.4681 (0.00)       3108           1
test_enqueue_priority_impact[1]                 178,669.0000 (558.34)       1,040,178.0000 (78.09)          196,636.0841 (504.65)        25,207.3393 (50.55)          188,664.0000 (483.75)        15,088.0000 (486.71)    231;228      5,085.5366 (0.00)       2617           1
test_enqueue_with_metadata                      180,442.0000 (563.88)       1,145,066.0000 (85.96)          198,842.1931 (510.31)        26,799.5177 (53.74)          191,374.0000 (490.70)        16,115.0001 (519.84)    185;176      5,029.1137 (0.00)       2450           1
test_enqueue_single_latency                     196,637.0000 (614.49)         517,169.0000 (38.82)          257,535.7500 (660.94)       107,127.4407 (214.81)         221,579.0000 (568.15)        44,457.0000 (>1000.0)       1;1      3,882.9561 (0.00)          8           1
test_cache_miss_latency                         335,075.0000 (>1000.0)        467,876.0000 (35.12)          353,957.8390 (908.40)        20,543.4682 (41.19)          345,772.0000 (886.59)        21,147.0000 (682.16)     190;92      2,825.1952 (0.00)       1981           1
test_cleanup_expired                            344,420.0000 (>1000.0)        467,695.0000 (35.11)          364,237.2515 (934.78)        22,154.3419 (44.42)          355,326.0000 (911.09)        20,841.2500 (672.30)       19;8      2,745.4633 (0.00)        163           1
test_cancel_pending_tasks                       447,725.0000 (>1000.0)        588,738.0000 (44.20)          462,099.5210 (>1000.0)       13,090.2937 (26.25)          460,509.0000 (>1000.0)       10,546.0000 (340.19)      39;23      2,164.0360 (0.00)        572           1
test_get_stats                                  477,530.0000 (>1000.0)        626,515.0000 (47.03)          502,486.3936 (>1000.0)       19,802.0894 (39.71)          500,195.0000 (>1000.0)       22,491.2500 (725.53)     255;92      1,990.1036 (0.00)       1349           1
test_sequential_access_pattern                  496,328.0000 (>1000.0)        715,018.0000 (53.68)          512,698.0803 (>1000.0)       10,540.9022 (21.14)          512,152.0000 (>1000.0)        9,454.0000 (304.97)     165;52      1,950.4657 (0.00)       1594           1
test_submit_100_tasks                           624,872.0000 (>1000.0)    296,864,967.0000 (>1000.0)      1,796,283.7020 (>1000.0)   16,959,827.0040 (>1000.0)        737,391.0000 (>1000.0)       67,256.0000 (>1000.0)      3;42        556.7049 (0.00)        849           1
test_complete_batch_50                          818,875.0000 (>1000.0)      1,321,502.0000 (99.20)          847,882.1089 (>1000.0)       24,837.5178 (49.80)          845,134.0000 (>1000.0)       12,891.4999 (415.86)      62;46      1,179.4092 (0.00)       1065           1
test_single_key_delete                        1,059,166.0000 (>1000.0)      3,860,179.0000 (289.78)       1,185,255.7900 (>1000.0)      285,094.0069 (571.68)       1,130,318.5000 (>1000.0)       48,668.5000 (>1000.0)      2;12        843.6997 (0.00)        100           1
test_write_with_dependencies                  1,060,518.0000 (>1000.0)      2,092,674.0000 (157.10)       1,179,699.7407 (>1000.0)      104,226.6093 (209.00)       1,158,422.0000 (>1000.0)       58,098.0000 (>1000.0)     39;37        847.6733 (0.00)        482           1
test_write_payload_size_impact[100]           1,062,502.0000 (>1000.0)      2,292,736.0000 (172.11)       1,172,668.9214 (>1000.0)       97,230.5767 (194.97)       1,155,967.5000 (>1000.0)       59,144.5000 (>1000.0)     70;52        852.7556 (0.00)        852           1
test_write_single_latency                     1,073,639.0000 (>1000.0)      2,260,799.0000 (169.72)       1,189,037.3405 (>1000.0)      105,137.6755 (210.82)       1,164,175.5000 (>1000.0)       66,850.0000 (>1000.0)     66;52        841.0165 (0.00)        834           1
test_write_payload_size_impact[1000]          1,085,807.0000 (>1000.0)      2,068,939.0000 (155.31)       1,174,869.6579 (>1000.0)       97,193.3971 (194.89)       1,150,885.0000 (>1000.0)       43,125.0000 (>1000.0)     55;83        851.1582 (0.00)        836           1
test_write_payload_size_impact[10000]         1,095,782.0000 (>1000.0)      2,225,033.0000 (167.03)       1,211,529.8067 (>1000.0)       87,308.1427 (175.07)       1,191,976.5000 (>1000.0)       60,431.0000 (>1000.0)     53;37        825.4027 (0.00)        688           1
test_cancel_on_first_error                    1,159,087.0000 (>1000.0)      1,978,092.0000 (148.49)       1,298,980.0636 (>1000.0)      152,405.9837 (305.61)       1,231,837.0000 (>1000.0)      162,051.5000 (>1000.0)     42;34        769.8348 (0.00)        519           1
test_execute_single_io_task                   1,217,155.0000 (>1000.0)      1,503,505.9999 (112.87)       1,280,144.6667 (>1000.0)      110,954.2755 (222.49)       1,238,522.0000 (>1000.0)       48,573.0000 (>1000.0)       1;1        781.1617 (0.00)          6           1
test_clear_all                                1,279,499.0000 (>1000.0)      5,398,488.0000 (405.26)       1,492,431.5400 (>1000.0)      619,459.4607 (>1000.0)      1,356,825.0000 (>1000.0)       49,935.0000 (>1000.0)       2;7        670.0475 (0.00)         50           1
test_dependency_invalidation                  1,286,149.0000 (>1000.0)      5,392,210.0000 (404.79)       1,466,532.0200 (>1000.0)      579,441.3088 (>1000.0)      1,352,779.5000 (>1000.0)       67,191.0000 (>1000.0)       2;5        681.8808 (0.00)         50           1
FAILED tests/e2e/test_analysis_stages.py::test_analysis_stage_invokes_target[src.pipeline.services.pipeline_orchestrator.stages.analysis.filter_reportable_findings-filter_reportable_findings] - AssertionError: Expected 'mock' to have been called.
FAILED tests/infrastructure/test_local_mesh.py::TestResourceAwareScheduler::test_worker_busy_not_selected - AssertionError: assert 'worker-busy' is None
 +  where 'worker-busy' = select_worker(<MagicMock id='140183047583264'>)
 +    where select_worker = <src.infrastructure.scheduling.resource_aware.ResourceAwareScheduler object at 0x7f7ee995e450>.select_worker
FAILED tests/integration/test_semgrep_stage_integration.py::test_semgrep_stage_parses_and_merges - KeyError: 'analysis_results'
FAILED tests/unit/analysis/test_controlled_attack_probes.py::ControlledAttackProbeTests::test_new_controlled_probes_feed_findings_and_endpoint_intelligence - ImportError: cannot import name 'register_spec' from partially initialized module 'src.analysis.intelligence.findings.intelligence_findings.specs' (most likely due to a circular import) (/home/runner/work/Singularity-Zero/Singularity-Zero/src/analysis/intelligence/findings/intelligence_findings/specs/__init__.py)
FAILED tests/unit/core/test_session_attach.py::SessionAttachTests::test_attach_merges_cookie_keys_without_duplicates - AssertionError: 'sessionid=req; lang=en; theme=dark' != 'lang=en; sessionid=req; theme=dark'
- sessionid=req; lang=en; theme=dark
+ lang=en; sessionid=req; theme=dark
FAILED tests/unit/dashboard/test_launcher_forensics.py::LauncherForensicsTests::test_compare_launcher_replay_manifests_reports_missing_completion_markers - FileNotFoundError: Launcher artifacts not found for job 59d5e72d
FAILED tests/unit/dashboard/test_launcher_forensics.py::LauncherForensicsTests::test_square_baseline_catalog_round_trips_to_json - FileNotFoundError: Launcher artifacts not found for job a0b71b8e
FAILED tests/unit/dashboard/test_launcher_forensics.py::LauncherForensicsTests::test_square_baseline_comparisons_use_reference_job_as_reference - FileNotFoundError: Launcher artifacts not found for job a0b71b8e
FAILED tests/unit/dashboard/test_launcher_forensics.py::LauncherForensicsTests::test_square_baseline_jobs_have_expected_recovered_truth - FileNotFoundError: Launcher artifacts not found for job a0b71b8e
FAILED tests/unit/dashboard/test_launcher_forensics.py::LauncherForensicsTests::test_square_reference_job_has_completion_markers_and_analyzer - FileNotFoundError: Launcher artifacts not found for job 59d5e72d
FAILED tests/unit/dashboard/test_launcher_forensics.py::LauncherForensicsTests::test_warning_escalation_jobs_recover_warning_degradation_truth - FileNotFoundError: Launcher artifacts not found for job a0b71b8e
FAILED tests/unit/dashboard/test_rate_limiter_middleware.py::test_adaptive_limit_lowers_after_429_response - AssertionError: assert '4' == '2'
  
  - 2
  + 4
FAILED tests/unit/dashboard/test_rate_limiter_middleware.py::test_adaptive_limit_detects_waf_headers - AssertionError: assert '4' == '2'
  
  - 2
  + 4
FAILED tests/unit/pipeline/test_orchestrator_stage_timeout_reporting.py::test_run_stage_with_retry_reports_non_empty_timeout_reason - assert 'timed out' in "test_run_stage_with_retry_reports_non_empty_timeout_reason.<locals>._slow_stage() got an unexpected keyword argument 'stage_input'"
 +  where "test_run_stage_with_retry_reports_non_empty_timeout_reason.<locals>._slow_stage() got an unexpected keyword argument 'stage_input'" = <built-in method lower of str object at 0x7f7ef03f4cf0>()
 +    where <built-in method lower of str object at 0x7f7ef03f4cf0> = "test_run_stage_with_retry_reports_non_empty_timeout_reason.<locals>._slow_stage() got an unexpected keyword argument 'stage_input'".lower
FAILED tests/unit/pipeline/test_orchestrator_stage_timeout_reporting.py::test_run_stage_with_retry_marks_recon_timeout_as_fatal - AssertionError: assert 'failed' == 'timeout'
  
  - timeout
  + failed
FAILED tests/unit/pipeline/test_passive_scan_contract_handling.py::test_passive_scan_does_not_retry_deterministic_contract_errors - assert 0 == 1
FAILED tests/unit/pipeline/test_tool_execution_service.py::ToolExecutionServiceTests::test_run_command_retries_after_nonzero_exit_and_preserves_warning_text - src.pipeline.services.tool_execution.ToolExecutionError: Command failed: echo hi
Circuit breaker OPEN for echo
FAILED tests/unit/pipeline/test_tool_execution_service.py::ToolExecutionServiceTests::test_run_command_retries_after_timeout_and_preserves_warning_text - src.pipeline.services.tool_execution.ToolExecutionError: Command failed: echo hi
Circuit breaker OPEN for echo
FAILED tests/unit/pipeline/test_tool_execution_service.py::ToolExecutionServiceTests::test_try_command_returns_partial_stdout_on_timeout - AssertionError: '' != 'partial-output\n'
+ partial-output
= 21 failed, 2498 passed, 36 skipped, 298 warnings, 56 subtests passed in 358.03s (0:05:58) =
Error: Process completed with exit code 1.
